This file contains any messages produced by compilers while
running configure, to aid debugging if configure makes a mistake.

It was created by secstwo configure 1.0.1, which was
generated by GNU Autoconf 2.69.  Invocation command line was

  $ ./configure 

## --------- ##
## Platform. ##
## --------- ##

hostname = hpdesk
uname -m = x86_64
uname -r = 4.19.0-3-amd64
uname -s = Linux
uname -v = #1 SMP Debian 4.19.20-1 (2019-02-11)

/usr/bin/uname -p = unknown
/bin/uname -X     = unknown

/bin/arch              = x86_64
/usr/bin/arch -k       = unknown
/usr/convex/getsysinfo = unknown
/usr/bin/hostinfo      = unknown
/bin/machine           = unknown
/usr/bin/oslevel       = unknown
/bin/universe          = unknown

PATH: /opt/imgtec/Toolchains/mips-mti-elf/2017.10-05/bin
PATH: /opt/imgtec/Toolchains/mips-mti-elf/2016.05-03/bin
PATH: /opt/microchip/mplabc32/v2.02/bin
PATH: /usr/local/sbin
PATH: /usr/local/bin
PATH: /usr/sbin
PATH: /usr/bin
PATH: /sbin
PATH: /bin


## ----------- ##
## Core tests. ##
## ----------- ##

configure:2492: checking for a BSD-compatible install
configure:2560: result: /usr/bin/install -c
configure:2571: checking whether build environment is sane
configure:2621: result: yes
configure:2762: checking for a thread-safe mkdir -p
configure:2801: result: /usr/bin/mkdir -p
configure:2814: checking for gawk
configure:2844: result: no
configure:2814: checking for mawk
configure:2830: found /usr/bin/mawk
configure:2841: result: mawk
configure:2852: checking whether make sets $(MAKE)
configure:2874: result: yes
configure:2992: checking for style of include used by make
configure:3020: result: GNU
configure:3091: checking for gcc
configure:3107: found /usr/bin/gcc
configure:3118: result: gcc
configure:3347: checking for C compiler version
configure:3356: gcc --version >&5
gcc (Debian 8.3.0-2) 8.3.0
Copyright (C) 2018 Free Software Foundation, Inc.
This is free software; see the source for copying conditions.  There is NO
warranty; not even for MERCHANTABILITY or FITNESS FOR A PARTICULAR PURPOSE.

configure:3367: $? = 0
configure:3356: gcc -v >&5
Using built-in specs.
COLLECT_GCC=gcc
COLLECT_LTO_WRAPPER=/usr/lib/gcc/x86_64-linux-gnu/8/lto-wrapper
OFFLOAD_TARGET_NAMES=nvptx-none
OFFLOAD_TARGET_DEFAULT=1
Target: x86_64-linux-gnu
Configured with: ../src/configure -v --with-pkgversion='Debian 8.3.0-2' --with-bugurl=file:///usr/share/doc/gcc-8/README.Bugs --enable-languages=c,ada,c++,go,brig,d,fortran,objc,obj-c++ --prefix=/usr --with-gcc-major-version-only --program-suffix=-8 --program-prefix=x86_64-linux-gnu- --enable-shared --enable-linker-build-id --libexecdir=/usr/lib --without-included-gettext --enable-threads=posix --libdir=/usr/lib --enable-nls --enable-bootstrap --enable-clocale=gnu --enable-libstdcxx-debug --enable-libstdcxx-time=yes --with-default-libstdcxx-abi=new --enable-gnu-unique-object --disable-vtable-verify --enable-libmpx --enable-plugin --enable-default-pie --with-system-zlib --with-target-system-zlib --enable-objc-gc=auto --enable-multiarch --disable-werror --with-arch-32=i686 --with-abi=m64 --with-multilib-list=m32,m64,mx32 --enable-multilib --with-tune=generic --enable-offload-targets=nvptx-none --without-cuda-driver --enable-checking=release --build=x86_64-linux-gnu --host=x86_64-linux-gnu --target=x86_64-linux-gnu
Thread model: posix
gcc version 8.3.0 (Debian 8.3.0-2) 
configure:3367: $? = 0
configure:3356: gcc -V >&5
gcc: error: unrecognized command line option '-V'
gcc: fatal error: no input files
compilation terminated.
configure:3367: $? = 1
configure:3356: gcc -qversion >&5
gcc: error: unrecognized command line option '-qversion'; did you mean '--version'?
gcc: fatal error: no input files
compilation terminated.
configure:3367: $? = 1
configure:3387: checking whether the C compiler works
configure:3409: gcc    conftest.c  >&5
configure:3413: $? = 0
configure:3461: result: yes
configure:3464: checking for C compiler default output file name
configure:3466: result: a.out
configure:3472: checking for suffix of executables
configure:3479: gcc -o conftest    conftest.c  >&5
configure:3483: $? = 0
configure:3505: result: 
configure:3527: checking whether we are cross compiling
configure:3535: gcc -o conftest    conftest.c  >&5
configure:3539: $? = 0
configure:3546: ./conftest
configure:3550: $? = 0
configure:3538: result: no
configure:3543: checking for suffix of object files
configure:3565: gcc -c   conftest.c >&5
configure:3569: $? = 0
configure:3590: result: o
configure:3594: checking whether we are using the GNU C compiler
configure:3613: gcc -c   conftest.c >&5
configure:3613: $? = 0
configure:3622: result: yes
configure:3631: checking whether gcc accepts -g
configure:3651: gcc -c -g  conftest.c >&5
configure:3651: $? = 0
configure:3692: result: yes
configure:3709: checking for gcc option to accept ISO C89
configure:3772: gcc  -c -g -O2  conftest.c >&5
configure:3772: $? = 0
configure:3785: result: none needed
configure:3807: checking dependency style of gcc
configure:3918: result: gcc3
configure:3939: checking how to run the C preprocessor
configure:3970: gcc -E  conftest.c
configure:3970: $? = 0
configure:3984: gcc -E  conftest.c
conftest.c:11:10: fatal error: ac_nonexistent.h: No such file or directory
 #include <ac_nonexistent.h>
          ^~~~~~~~~~~~~~~~~~
compilation terminated.
configure:3984: $? = 1
configure: failed program was:
| /* confdefs.h */
| #define PACKAGE_NAME "secstwo"
| #define PACKAGE_TARNAME "secstwo"
| #define PACKAGE_VERSION "1.0.1"
| #define PACKAGE_STRING "secstwo 1.0.1"
| #define PACKAGE_BUGREPORT "philipp_s@users.sourceforge.net"
| #define PACKAGE_URL ""
| #define PACKAGE "secstwo"
| #define VERSION "1.0.1"
| /* end confdefs.h.  */
| #include <ac_nonexistent.h>
configure:4009: result: gcc -E
configure:4029: gcc -E  conftest.c
configure:4029: $? = 0
configure:4043: gcc -E  conftest.c
conftest.c:11:10: fatal error: ac_nonexistent.h: No such file or directory
 #include <ac_nonexistent.h>
          ^~~~~~~~~~~~~~~~~~
compilation terminated.
configure:4043: $? = 1
configure: failed program was:
| /* confdefs.h */
| #define PACKAGE_NAME "secstwo"
| #define PACKAGE_TARNAME "secstwo"
| #define PACKAGE_VERSION "1.0.1"
| #define PACKAGE_STRING "secstwo 1.0.1"
| #define PACKAGE_BUGREPORT "philipp_s@users.sourceforge.net"
| #define PACKAGE_URL ""
| #define PACKAGE "secstwo"
| #define VERSION "1.0.1"
| /* end confdefs.h.  */
| #include <ac_nonexistent.h>
configure:4072: checking for grep that handles long lines and -e
configure:4130: result: /usr/bin/grep
configure:4135: checking for egrep
configure:4197: result: /usr/bin/grep -E
configure:4202: checking for ANSI C header files
configure:4222: gcc -c -g -O2  conftest.c >&5
configure:4222: $? = 0
configure:4295: gcc -o conftest -g -O2   conftest.c  >&5
configure:4295: $? = 0
configure:4295: ./conftest
configure:4295: $? = 0
configure:4306: result: yes
configure:4319: checking for sys/types.h
configure:4319: gcc -c -g -O2  conftest.c >&5
configure:4319: $? = 0
configure:4319: result: yes
configure:4319: checking for sys/stat.h
configure:4319: gcc -c -g -O2  conftest.c >&5
configure:4319: $? = 0
configure:4319: result: yes
configure:4319: checking for stdlib.h
configure:4319: gcc -c -g -O2  conftest.c >&5
configure:4319: $? = 0
configure:4319: result: yes
configure:4319: checking for string.h
configure:4319: gcc -c -g -O2  conftest.c >&5
configure:4319: $? = 0
configure:4319: result: yes
configure:4319: checking for memory.h
configure:4319: gcc -c -g -O2  conftest.c >&5
configure:4319: $? = 0
configure:4319: result: yes
configure:4319: checking for strings.h
configure:4319: gcc -c -g -O2  conftest.c >&5
configure:4319: $? = 0
configure:4319: result: yes
configure:4319: checking for inttypes.h
configure:4319: gcc -c -g -O2  conftest.c >&5
configure:4319: $? = 0
configure:4319: result: yes
configure:4319: checking for stdint.h
configure:4319: gcc -c -g -O2  conftest.c >&5
configure:4319: $? = 0
configure:4319: result: yes
configure:4319: checking for unistd.h
configure:4319: gcc -c -g -O2  conftest.c >&5
configure:4319: $? = 0
configure:4319: result: yes
configure:4331: checking for stdbool.h that conforms to C99
configure:4398: gcc -c -g -O2  conftest.c >&5
configure:4398: $? = 0
configure:4405: result: yes
configure:4407: checking for _Bool
configure:4407: gcc -c -g -O2  conftest.c >&5
configure:4407: $? = 0
configure:4407: gcc -c -g -O2  conftest.c >&5
conftest.c: In function 'main':
conftest.c:57:20: error: expected expression before ')' token
 if (sizeof ((_Bool)))
                    ^
configure:4407: $? = 1
configure: failed program was:
| /* confdefs.h */
| #define PACKAGE_NAME "secstwo"
| #define PACKAGE_TARNAME "secstwo"
| #define PACKAGE_VERSION "1.0.1"
| #define PACKAGE_STRING "secstwo 1.0.1"
| #define PACKAGE_BUGREPORT "philipp_s@users.sourceforge.net"
| #define PACKAGE_URL ""
| #define PACKAGE "secstwo"
| #define VERSION "1.0.1"
| #define STDC_HEADERS 1
| #define HAVE_SYS_TYPES_H 1
| #define HAVE_SYS_STAT_H 1
| #define HAVE_STDLIB_H 1
| #define HAVE_STRING_H 1
| #define HAVE_MEMORY_H 1
| #define HAVE_STRINGS_H 1
| #define HAVE_INTTYPES_H 1
| #define HAVE_STDINT_H 1
| #define HAVE_UNISTD_H 1
| /* end confdefs.h.  */
| #include <stdio.h>
| #ifdef HAVE_SYS_TYPES_H
| # include <sys/types.h>
| #endif
| #ifdef HAVE_SYS_STAT_H
| # include <sys/stat.h>
| #endif
| #ifdef STDC_HEADERS
| # include <stdlib.h>
| # include <stddef.h>
| #else
| # ifdef HAVE_STDLIB_H
| #  include <stdlib.h>
| # endif
| #endif
| #ifdef HAVE_STRING_H
| # if !defined STDC_HEADERS && defined HAVE_MEMORY_H
| #  include <memory.h>
| # endif
| # include <string.h>
| #endif
| #ifdef HAVE_STRINGS_H
| # include <strings.h>
| #endif
| #ifdef HAVE_INTTYPES_H
| # include <inttypes.h>
| #endif
| #ifdef HAVE_STDINT_H
| # include <stdint.h>
| #endif
| #ifdef HAVE_UNISTD_H
| # include <unistd.h>
| #endif
| int
| main ()
| {
| if (sizeof ((_Bool)))
| 	    return 0;
|   ;
|   return 0;
| }
configure:4407: result: yes
configure:4424: checking for an ANSI C-conforming const
configure:4490: gcc -c -g -O2  conftest.c >&5
configure:4490: $? = 0
configure:4497: result: yes
configure:4505: checking for size_t
configure:4505: gcc -c -g -O2  conftest.c >&5
configure:4505: $? = 0
configure:4505: gcc -c -g -O2  conftest.c >&5
conftest.c: In function 'main':
conftest.c:59:21: error: expected expression before ')' token
 if (sizeof ((size_t)))
                     ^
configure:4505: $? = 1
configure: failed program was:
| /* confdefs.h */
| #define PACKAGE_NAME "secstwo"
| #define PACKAGE_TARNAME "secstwo"
| #define PACKAGE_VERSION "1.0.1"
| #define PACKAGE_STRING "secstwo 1.0.1"
| #define PACKAGE_BUGREPORT "philipp_s@users.sourceforge.net"
| #define PACKAGE_URL ""
| #define PACKAGE "secstwo"
| #define VERSION "1.0.1"
| #define STDC_HEADERS 1
| #define HAVE_SYS_TYPES_H 1
| #define HAVE_SYS_STAT_H 1
| #define HAVE_STDLIB_H 1
| #define HAVE_STRING_H 1
| #define HAVE_MEMORY_H 1
| #define HAVE_STRINGS_H 1
| #define HAVE_INTTYPES_H 1
| #define HAVE_STDINT_H 1
| #define HAVE_UNISTD_H 1
| #define HAVE__BOOL 1
| #define HAVE_STDBOOL_H 1
| /* end confdefs.h.  */
| #include <stdio.h>
| #ifdef HAVE_SYS_TYPES_H
| # include <sys/types.h>
| #endif
| #ifdef HAVE_SYS_STAT_H
| # include <sys/stat.h>
| #endif
| #ifdef STDC_HEADERS
| # include <stdlib.h>
| # include <stddef.h>
| #else
| # ifdef HAVE_STDLIB_H
| #  include <stdlib.h>
| # endif
| #endif
| #ifdef HAVE_STRING_H
| # if !defined STDC_HEADERS && defined HAVE_MEMORY_H
| #  include <memory.h>
| # endif
| # include <string.h>
| #endif
| #ifdef HAVE_STRINGS_H
| # include <strings.h>
| #endif
| #ifdef HAVE_INTTYPES_H
| # include <inttypes.h>
| #endif
| #ifdef HAVE_STDINT_H
| # include <stdint.h>
| #endif
| #ifdef HAVE_UNISTD_H
| # include <unistd.h>
| #endif
| int
| main ()
| {
| if (sizeof ((size_t)))
| 	    return 0;
|   ;
|   return 0;
| }
configure:4505: result: yes
configure:4516: checking whether time.h and sys/time.h may both be included
configure:4536: gcc -c -g -O2  conftest.c >&5
configure:4536: $? = 0
configure:4543: result: yes
configure:4551: checking for uint16_t
configure:4551: gcc -c -g -O2  conftest.c >&5
configure:4551: $? = 0
configure:4551: result: yes
configure:4563: checking for uint32_t
configure:4563: gcc -c -g -O2  conftest.c >&5
configure:4563: $? = 0
configure:4563: result: yes
configure:4583: checking how to run the C preprocessor
configure:4653: result: gcc -E
configure:4673: gcc -E  conftest.c
configure:4673: $? = 0
configure:4687: gcc -E  conftest.c
conftest.c:24:10: fatal error: ac_nonexistent.h: No such file or directory
 #include <ac_nonexistent.h>
          ^~~~~~~~~~~~~~~~~~
compilation terminated.
configure:4687: $? = 1
configure: failed program was:
| /* confdefs.h */
| #define PACKAGE_NAME "secstwo"
| #define PACKAGE_TARNAME "secstwo"
| #define PACKAGE_VERSION "1.0.1"
| #define PACKAGE_STRING "secstwo 1.0.1"
| #define PACKAGE_BUGREPORT "philipp_s@users.sourceforge.net"
| #define PACKAGE_URL ""
| #define PACKAGE "secstwo"
| #define VERSION "1.0.1"
| #define STDC_HEADERS 1
| #define HAVE_SYS_TYPES_H 1
| #define HAVE_SYS_STAT_H 1
| #define HAVE_STDLIB_H 1
| #define HAVE_STRING_H 1
| #define HAVE_MEMORY_H 1
| #define HAVE_STRINGS_H 1
| #define HAVE_INTTYPES_H 1
| #define HAVE_STDINT_H 1
| #define HAVE_UNISTD_H 1
| #define HAVE__BOOL 1
| #define HAVE_STDBOOL_H 1
| #define TIME_WITH_SYS_TIME 1
| /* end confdefs.h.  */
| #include <ac_nonexistent.h>
configure:4773: checking for g++
configure:4789: found /usr/bin/g++
configure:4800: result: g++
configure:4827: checking for C++ compiler version
configure:4836: g++ --version >&5
g++ (Debian 8.3.0-2) 8.3.0
Copyright (C) 2018 Free Software Foundation, Inc.
This is free software; see the source for copying conditions.  There is NO
warranty; not even for MERCHANTABILITY or FITNESS FOR A PARTICULAR PURPOSE.

configure:4847: $? = 0
configure:4836: g++ -v >&5
Using built-in specs.
COLLECT_GCC=g++
COLLECT_LTO_WRAPPER=/usr/lib/gcc/x86_64-linux-gnu/8/lto-wrapper
OFFLOAD_TARGET_NAMES=nvptx-none
OFFLOAD_TARGET_DEFAULT=1
Target: x86_64-linux-gnu
Configured with: ../src/configure -v --with-pkgversion='Debian 8.3.0-2' --with-bugurl=file:///usr/share/doc/gcc-8/README.Bugs --enable-languages=c,ada,c++,go,brig,d,fortran,objc,obj-c++ --prefix=/usr --with-gcc-major-version-only --program-suffix=-8 --program-prefix=x86_64-linux-gnu- --enable-shared --enable-linker-build-id --libexecdir=/usr/lib --without-included-gettext --enable-threads=posix --libdir=/usr/lib --enable-nls --enable-bootstrap --enable-clocale=gnu --enable-libstdcxx-debug --enable-libstdcxx-time=yes --with-default-libstdcxx-abi=new --enable-gnu-unique-object --disable-vtable-verify --enable-libmpx --enable-plugin --enable-default-pie --with-system-zlib --with-target-system-zlib --enable-objc-gc=auto --enable-multiarch --disable-werror --with-arch-32=i686 --with-abi=m64 --with-multilib-list=m32,m64,mx32 --enable-multilib --with-tune=generic --enable-offload-targets=nvptx-none --without-cuda-driver --enable-checking=release --build=x86_64-linux-gnu --host=x86_64-linux-gnu --target=x86_64-linux-gnu
Thread model: posix
gcc version 8.3.0 (Debian 8.3.0-2) 
configure:4847: $? = 0
configure:4836: g++ -V >&5
g++: error: unrecognized command line option '-V'
g++: fatal error: no input files
compilation terminated.
configure:4847: $? = 1
configure:4836: g++ -qversion >&5
g++: error: unrecognized command line option '-qversion'; did you mean '--version'?
g++: fatal error: no input files
compilation terminated.
configure:4847: $? = 1
configure:4851: checking whether we are using the GNU C++ compiler
configure:4870: g++ -c   conftest.cpp >&5
configure:4870: $? = 0
configure:4879: result: yes
configure:4888: checking whether g++ accepts -g
configure:4908: g++ -c -g  conftest.cpp >&5
configure:4908: $? = 0
configure:4949: result: yes
configure:4974: checking dependency style of g++
configure:5085: result: gcc3
configure:5129: checking build system type
configure:5143: result: x86_64-unknown-linux-gnu
configure:5163: checking host system type
configure:5176: result: x86_64-unknown-linux-gnu
configure:5217: checking how to print strings
configure:5244: result: printf
configure:5265: checking for a sed that does not truncate output
configure:5329: result: /usr/bin/sed
configure:5347: checking for fgrep
configure:5409: result: /usr/bin/grep -F
configure:5444: checking for ld used by gcc
configure:5511: result: /usr/bin/ld
configure:5518: checking if the linker (/usr/bin/ld) is GNU ld
configure:5533: result: yes
configure:5545: checking for BSD- or MS-compatible name lister (nm)
configure:5594: result: /usr/bin/nm -B
configure:5724: checking the name lister (/usr/bin/nm -B) interface
configure:5731: gcc -c -g -O2  conftest.c >&5
configure:5734: /usr/bin/nm -B "conftest.o"
configure:5737: output
0000000000000000 B some_variable
configure:5738: result: BSD nm
configure:5741: checking whether ln -s works
configure:5745: result: yes
configure:5753: checking the maximum length of command line arguments
configure:5883: result: 1572864
configure:5900: checking whether the shell understands some XSI constructs
configure:5909: result: yes
configure:5913: checking whether the shell understands "+="
configure:5917: result: yes
configure:5952: checking how to convert x86_64-unknown-linux-gnu file names to x86_64-unknown-linux-gnu format
configure:5992: result: func_convert_file_noop
configure:5999: checking how to convert x86_64-unknown-linux-gnu file names to toolchain format
configure:6019: result: func_convert_file_noop
configure:6026: checking for /usr/bin/ld option to reload object files
configure:6033: result: -r
configure:6107: checking for objdump
configure:6123: found /usr/bin/objdump
configure:6134: result: objdump
configure:6166: checking how to recognize dependent libraries
configure:6364: result: pass_all
configure:6449: checking for dlltool
configure:6479: result: no
configure:6509: checking how to associate runtime and link libraries
configure:6536: result: printf %s\n
configure:6596: checking for ar
configure:6612: found /usr/bin/ar
configure:6623: result: ar
configure:6660: checking for archiver @FILE support
configure:6677: gcc -c -g -O2  conftest.c >&5
configure:6677: $? = 0
configure:6680: ar cru libconftest.a @conftest.lst >&5
ar: `u' modifier ignored since `D' is the default (see `U')
configure:6683: $? = 0
configure:6688: ar cru libconftest.a @conftest.lst >&5
ar: `u' modifier ignored since `D' is the default (see `U')
ar: conftest.o: No such file or directory
configure:6691: $? = 1
configure:6690: result: @
configure:6748: checking for strip
configure:6764: found /usr/bin/strip
configure:6775: result: strip
configure:6847: checking for ranlib
configure:6863: found /usr/bin/ranlib
configure:6874: result: ranlib
configure:6976: checking command to parse /usr/bin/nm -B output from gcc object
configure:7096: gcc -c -g -O2  conftest.c >&5
configure:7099: $? = 0
configure:7103: /usr/bin/nm -B conftest.o \| sed -n -e 's/^.*[ ]\([ABCDGIRSTW][ABCDGIRSTW]*\)[ ][ ]*\([_A-Za-z][_A-Za-z0-9]*\)$/\1 \2 \2/p' | sed '/ __gnu_lto/d' \> conftest.nm
configure:7106: $? = 0
configure:7172: gcc -o conftest -g -O2   conftest.c conftstm.o >&5
configure:7175: $? = 0
configure:7213: result: ok
configure:7250: checking for sysroot
configure:7280: result: no
configure:7357: gcc -c -g -O2  conftest.c >&5
configure:7360: $? = 0
configure:7536: checking for mt
configure:7552: found /usr/bin/mt
configure:7563: result: mt
configure:7586: checking if mt is a manifest tool
configure:7592: mt '-?'
configure:7600: result: no
configure:8239: checking for dlfcn.h
configure:8239: gcc -c -g -O2  conftest.c >&5
configure:8239: $? = 0
configure:8239: result: yes
configure:8456: checking for objdir
configure:8471: result: .libs
configure:8738: checking if gcc supports -fno-rtti -fno-exceptions
configure:8756: gcc -c -g -O2  -fno-rtti -fno-exceptions conftest.c >&5
cc1: warning: command line option '-fno-rtti' is valid for C++/ObjC++ but not for C
configure:8760: $? = 0
configure:8773: result: no
configure:9100: checking for gcc option to produce PIC
configure:9107: result: -fPIC -DPIC
configure:9115: checking if gcc PIC flag -fPIC -DPIC works
configure:9133: gcc -c -g -O2  -fPIC -DPIC -DPIC conftest.c >&5
configure:9137: $? = 0
configure:9150: result: yes
configure:9179: checking if gcc static flag -static works
configure:9207: result: yes
configure:9222: checking if gcc supports -c -o file.o
configure:9243: gcc -c -g -O2  -o out/conftest2.o conftest.c >&5
configure:9247: $? = 0
configure:9269: result: yes
configure:9277: checking if gcc supports -c -o file.o
configure:9324: result: yes
configure:9357: checking whether the gcc linker (/usr/bin/ld -m elf_x86_64) supports shared libraries
configure:10514: result: yes
configure:10551: checking whether -lc should be explicitly linked in
configure:10559: gcc -c -g -O2  conftest.c >&5
configure:10562: $? = 0
configure:10577: gcc -shared  -fPIC -DPIC conftest.o  -v -Wl,-soname -Wl,conftest -o conftest 2\>\&1 \| /usr/bin/grep  -lc  \>/dev/null 2\>\&1
configure:10580: $? = 0
configure:10594: result: no
configure:10754: checking dynamic linker characteristics
configure:11254: gcc -o conftest -g -O2   -Wl,-rpath -Wl,/foo conftest.c  >&5
configure:11254: $? = 0
configure:11488: result: GNU/Linux ld.so
configure:11595: checking how to hardcode library paths into programs
configure:11620: result: immediate
configure:12160: checking whether stripping libraries is possible
configure:12165: result: yes
configure:12200: checking if libtool supports shared libraries
configure:12202: result: yes
configure:12205: checking whether to build shared libraries
configure:12226: result: yes
configure:12229: checking whether to build static libraries
configure:12233: result: yes
configure:9261: checking how to run the C++ preprocessor
configure:9288: g++ -E  conftest.cpp
configure:9288: $? = 0
configure:9302: g++ -E  conftest.cpp
conftest.cpp:26:10: fatal error: ac_nonexistent.h: No such file or directory
 #include <ac_nonexistent.h>
          ^~~~~~~~~~~~~~~~~~
compilation terminated.
configure:9302: $? = 1
configure: failed program was:
| /* confdefs.h */
| #define PACKAGE_NAME "secstwo"
| #define PACKAGE_TARNAME "secstwo"
| #define PACKAGE_VERSION "1.0.1"
| #define PACKAGE_STRING "secstwo 1.0.1"
| #define PACKAGE_BUGREPORT "philipp_s@users.sourceforge.net"
| #define PACKAGE_URL ""
| #define PACKAGE "secstwo"
| #define VERSION "1.0.1"
| #define STDC_HEADERS 1
| #define HAVE_SYS_TYPES_H 1
| #define HAVE_SYS_STAT_H 1
| #define HAVE_STDLIB_H 1
| #define HAVE_STRING_H 1
| #define HAVE_MEMORY_H 1
| #define HAVE_STRINGS_H 1
| #define HAVE_INTTYPES_H 1
| #define HAVE_STDINT_H 1
| #define HAVE_UNISTD_H 1
| #define HAVE__BOOL 1
| #define HAVE_STDBOOL_H 1
| #define TIME_WITH_SYS_TIME 1
| #define HAVE_DLFCN_H 1
| #define LT_OBJDIR ".libs/"
| /* end confdefs.h.  */
| #include <ac_nonexistent.h>
configure:9327: result: g++ -E
configure:9347: g++ -E  conftest.cpp
configure:9347: $? = 0
configure:9361: g++ -E  conftest.cpp
conftest.cpp:26:10: fatal error: ac_nonexistent.h: No such file or directory
 #include <ac_nonexistent.h>
          ^~~~~~~~~~~~~~~~~~
compilation terminated.
configure:9361: $? = 1
configure: failed program was:
| /* confdefs.h */
| #define PACKAGE_NAME "secstwo"
| #define PACKAGE_TARNAME "secstwo"
| #define PACKAGE_VERSION "1.0.1"
| #define PACKAGE_STRING "secstwo 1.0.1"
| #define PACKAGE_BUGREPORT "philipp_s@users.sourceforge.net"
| #define PACKAGE_URL ""
| #define PACKAGE "secstwo"
| #define VERSION "1.0.1"
| #define STDC_HEADERS 1
| #define HAVE_SYS_TYPES_H 1
| #define HAVE_SYS_STAT_H 1
| #define HAVE_STDLIB_H 1
| #define HAVE_STRING_H 1
| #define HAVE_MEMORY_H 1
| #define HAVE_STRINGS_H 1
| #define HAVE_INTTYPES_H 1
| #define HAVE_STDINT_H 1
| #define HAVE_UNISTD_H 1
| #define HAVE__BOOL 1
| #define HAVE_STDBOOL_H 1
| #define TIME_WITH_SYS_TIME 1
| #define HAVE_DLFCN_H 1
| #define LT_OBJDIR ".libs/"
| /* end confdefs.h.  */
| #include <ac_nonexistent.h>
configure:9530: checking for ld used by g++
configure:9597: result: /usr/bin/ld -m elf_x86_64
configure:9604: checking if the linker (/usr/bin/ld -m elf_x86_64) is GNU ld
configure:9619: result: yes
configure:9674: checking whether the g++ linker (/usr/bin/ld -m elf_x86_64) supports shared libraries
configure:10676: result: yes
configure:10712: g++ -c -g -O2  conftest.cpp >&5
configure:10715: $? = 0
configure:11235: checking for g++ option to produce PIC
configure:11242: result: -fPIC -DPIC
configure:11250: checking if g++ PIC flag -fPIC -DPIC works
configure:11268: g++ -c -g -O2  -fPIC -DPIC -DPIC conftest.cpp >&5
configure:11272: $? = 0
configure:11285: result: yes
configure:11308: checking if g++ static flag -static works
configure:11336: result: yes
configure:11348: checking if g++ supports -c -o file.o
configure:11369: g++ -c -g -O2  -o out/conftest2.o conftest.cpp >&5
configure:11373: $? = 0
configure:11395: result: yes
configure:11400: checking if g++ supports -c -o file.o
configure:11447: result: yes
configure:11477: checking whether the g++ linker (/usr/bin/ld -m elf_x86_64) supports shared libraries
configure:11516: result: yes
configure:11657: checking dynamic linker characteristics
configure:12325: result: GNU/Linux ld.so
configure:12378: checking how to hardcode library paths into programs
configure:12403: result: immediate
configure:11451: checking for xml2-config
configure:11467: found /usr/bin/xml2-config
configure:11478: result: xml2-config
configure:11510: checking for ANSI C header files
configure:11614: result: yes
configure:11625: checking for unistd.h
configure:11625: result: yes
configure:11625: checking for string.h
configure:11625: result: yes
configure:11625: checking arpa/inet.h usability
configure:11625: gcc -c -I/usr/include/libxml2  conftest.c >&5
configure:11625: $? = 0
configure:11625: result: yes
configure:11625: checking arpa/inet.h presence
configure:11625: gcc -E  conftest.c
configure:11625: $? = 0
configure:11625: result: yes
configure:11625: checking for arpa/inet.h
configure:11625: result: yes
configure:11625: checking wchar.h usability
configure:11625: gcc -c -I/usr/include/libxml2  conftest.c >&5
configure:11625: $? = 0
configure:11625: result: yes
configure:11625: checking wchar.h presence
configure:11625: gcc -E  conftest.c
configure:11625: $? = 0
configure:11625: result: yes
configure:11625: checking for wchar.h
configure:11625: result: yes
configure:11635: checking iconv.h usability
configure:11635: gcc -c -I/usr/include/libxml2  conftest.c >&5
configure:11635: $? = 0
configure:11635: result: yes
configure:11635: checking iconv.h presence
configure:11635: gcc -E  conftest.c
configure:11635: $? = 0
configure:11635: result: yes
configure:11635: checking for iconv.h
configure:11635: result: yes
configure:11650: checking libxml/tree.h usability
configure:11650: gcc -c -I/usr/include/libxml2  conftest.c >&5
configure:11650: $? = 0
configure:11650: result: yes
configure:11650: checking libxml/tree.h presence
configure:11650: gcc -E  conftest.c
conftest.c:31:10: fatal error: libxml/tree.h: No such file or directory
 #include <libxml/tree.h>
          ^~~~~~~~~~~~~~~
compilation terminated.
configure:11650: $? = 1
configure: failed program was:
| /* confdefs.h */
| #define PACKAGE_NAME "secstwo"
| #define PACKAGE_TARNAME "secstwo"
| #define PACKAGE_VERSION "1.0.1"
| #define PACKAGE_STRING "secstwo 1.0.1"
| #define PACKAGE_BUGREPORT "philipp_s@users.sourceforge.net"
| #define PACKAGE_URL ""
| #define PACKAGE "secstwo"
| #define VERSION "1.0.1"
| #define STDC_HEADERS 1
| #define HAVE_SYS_TYPES_H 1
| #define HAVE_SYS_STAT_H 1
| #define HAVE_STDLIB_H 1
| #define HAVE_STRING_H 1
| #define HAVE_MEMORY_H 1
| #define HAVE_STRINGS_H 1
| #define HAVE_INTTYPES_H 1
| #define HAVE_STDINT_H 1
| #define HAVE_UNISTD_H 1
| #define HAVE__BOOL 1
| #define HAVE_STDBOOL_H 1
| #define TIME_WITH_SYS_TIME 1
| #define HAVE_DLFCN_H 1
| #define LT_OBJDIR ".libs/"
| #define STDC_HEADERS 1
| #define HAVE_UNISTD_H 1
| #define HAVE_STRING_H 1
| #define HAVE_ARPA_INET_H 1
| #define HAVE_WCHAR_H 1
| /* end confdefs.h.  */
| #include <libxml/tree.h>
configure:11650: result: no
configure:11650: WARNING: libxml/tree.h: accepted by the compiler, rejected by the preprocessor!
configure:11650: WARNING: libxml/tree.h: proceeding with the compiler's result
configure:11650: checking for libxml/tree.h
configure:11650: result: yes
configure:11650: checking libxml/encoding.h usability
configure:11650: gcc -c -I/usr/include/libxml2  conftest.c >&5
configure:11650: $? = 0
configure:11650: result: yes
configure:11650: checking libxml/encoding.h presence
configure:11650: gcc -E  conftest.c
conftest.c:32:10: fatal error: libxml/encoding.h: No such file or directory
 #include <libxml/encoding.h>
          ^~~~~~~~~~~~~~~~~~~
compilation terminated.
configure:11650: $? = 1
configure: failed program was:
| /* confdefs.h */
| #define PACKAGE_NAME "secstwo"
| #define PACKAGE_TARNAME "secstwo"
| #define PACKAGE_VERSION "1.0.1"
| #define PACKAGE_STRING "secstwo 1.0.1"
| #define PACKAGE_BUGREPORT "philipp_s@users.sourceforge.net"
| #define PACKAGE_URL ""
| #define PACKAGE "secstwo"
| #define VERSION "1.0.1"
| #define STDC_HEADERS 1
| #define HAVE_SYS_TYPES_H 1
| #define HAVE_SYS_STAT_H 1
| #define HAVE_STDLIB_H 1
| #define HAVE_STRING_H 1
| #define HAVE_MEMORY_H 1
| #define HAVE_STRINGS_H 1
| #define HAVE_INTTYPES_H 1
| #define HAVE_STDINT_H 1
| #define HAVE_UNISTD_H 1
| #define HAVE__BOOL 1
| #define HAVE_STDBOOL_H 1
| #define TIME_WITH_SYS_TIME 1
| #define HAVE_DLFCN_H 1
| #define LT_OBJDIR ".libs/"
| #define STDC_HEADERS 1
| #define HAVE_UNISTD_H 1
| #define HAVE_STRING_H 1
| #define HAVE_ARPA_INET_H 1
| #define HAVE_WCHAR_H 1
| #define HAVE_LIBXML_TREE_H 1
| /* end confdefs.h.  */
| #include <libxml/encoding.h>
configure:11650: result: no
configure:11650: WARNING: libxml/encoding.h: accepted by the compiler, rejected by the preprocessor!
configure:11650: WARNING: libxml/encoding.h: proceeding with the compiler's result
configure:11650: checking for libxml/encoding.h
configure:11650: result: yes
configure:11650: checking libxml/xmlwriter.h usability
configure:11650: gcc -c -I/usr/include/libxml2  conftest.c >&5
configure:11650: $? = 0
configure:11650: result: yes
configure:11650: checking libxml/xmlwriter.h presence
configure:11650: gcc -E  conftest.c
conftest.c:33:10: fatal error: libxml/xmlwriter.h: No such file or directory
 #include <libxml/xmlwriter.h>
          ^~~~~~~~~~~~~~~~~~~~
compilation terminated.
configure:11650: $? = 1
configure: failed program was:
| /* confdefs.h */
| #define PACKAGE_NAME "secstwo"
| #define PACKAGE_TARNAME "secstwo"
| #define PACKAGE_VERSION "1.0.1"
| #define PACKAGE_STRING "secstwo 1.0.1"
| #define PACKAGE_BUGREPORT "philipp_s@users.sourceforge.net"
| #define PACKAGE_URL ""
| #define PACKAGE "secstwo"
| #define VERSION "1.0.1"
| #define STDC_HEADERS 1
| #define HAVE_SYS_TYPES_H 1
| #define HAVE_SYS_STAT_H 1
| #define HAVE_STDLIB_H 1
| #define HAVE_STRING_H 1
| #define HAVE_MEMORY_H 1
| #define HAVE_STRINGS_H 1
| #define HAVE_INTTYPES_H 1
| #define HAVE_STDINT_H 1
| #define HAVE_UNISTD_H 1
| #define HAVE__BOOL 1
| #define HAVE_STDBOOL_H 1
| #define TIME_WITH_SYS_TIME 1
| #define HAVE_DLFCN_H 1
| #define LT_OBJDIR ".libs/"
| #define STDC_HEADERS 1
| #define HAVE_UNISTD_H 1
| #define HAVE_STRING_H 1
| #define HAVE_ARPA_INET_H 1
| #define HAVE_WCHAR_H 1
| #define HAVE_LIBXML_TREE_H 1
| #define HAVE_LIBXML_ENCODING_H 1
| /* end confdefs.h.  */
| #include <libxml/xmlwriter.h>
configure:11650: result: no
configure:11650: WARNING: libxml/xmlwriter.h: accepted by the compiler, rejected by the preprocessor!
configure:11650: WARNING: libxml/xmlwriter.h: proceeding with the compiler's result
configure:11650: checking for libxml/xmlwriter.h
configure:11650: result: yes
configure:11650: checking libxml/xmlsave.h usability
configure:11650: gcc -c -I/usr/include/libxml2  conftest.c >&5
configure:11650: $? = 0
configure:11650: result: yes
configure:11650: checking libxml/xmlsave.h presence
configure:11650: gcc -E  conftest.c
conftest.c:34:10: fatal error: libxml/xmlsave.h: No such file or directory
 #include <libxml/xmlsave.h>
          ^~~~~~~~~~~~~~~~~~
compilation terminated.
configure:11650: $? = 1
configure: failed program was:
| /* confdefs.h */
| #define PACKAGE_NAME "secstwo"
| #define PACKAGE_TARNAME "secstwo"
| #define PACKAGE_VERSION "1.0.1"
| #define PACKAGE_STRING "secstwo 1.0.1"
| #define PACKAGE_BUGREPORT "philipp_s@users.sourceforge.net"
| #define PACKAGE_URL ""
| #define PACKAGE "secstwo"
| #define VERSION "1.0.1"
| #define STDC_HEADERS 1
| #define HAVE_SYS_TYPES_H 1
| #define HAVE_SYS_STAT_H 1
| #define HAVE_STDLIB_H 1
| #define HAVE_STRING_H 1
| #define HAVE_MEMORY_H 1
| #define HAVE_STRINGS_H 1
| #define HAVE_INTTYPES_H 1
| #define HAVE_STDINT_H 1
| #define HAVE_UNISTD_H 1
| #define HAVE__BOOL 1
| #define HAVE_STDBOOL_H 1
| #define TIME_WITH_SYS_TIME 1
| #define HAVE_DLFCN_H 1
| #define LT_OBJDIR ".libs/"
| #define STDC_HEADERS 1
| #define HAVE_UNISTD_H 1
| #define HAVE_STRING_H 1
| #define HAVE_ARPA_INET_H 1
| #define HAVE_WCHAR_H 1
| #define HAVE_LIBXML_TREE_H 1
| #define HAVE_LIBXML_ENCODING_H 1
| #define HAVE_LIBXML_XMLWRITER_H 1
| /* end confdefs.h.  */
| #include <libxml/xmlsave.h>
configure:11650: result: no
configure:11650: WARNING: libxml/xmlsave.h: accepted by the compiler, rejected by the preprocessor!
configure:11650: WARNING: libxml/xmlsave.h: proceeding with the compiler's result
configure:11650: checking for libxml/xmlsave.h
configure:11650: result: yes
configure:11650: checking libxml/xmlschemas.h usability
configure:11650: gcc -c -I/usr/include/libxml2  conftest.c >&5
configure:11650: $? = 0
configure:11650: result: yes
configure:11650: checking libxml/xmlschemas.h presence
configure:11650: gcc -E  conftest.c
conftest.c:35:10: fatal error: libxml/xmlschemas.h: No such file or directory
 #include <libxml/xmlschemas.h>
          ^~~~~~~~~~~~~~~~~~~~~
compilation terminated.
configure:11650: $? = 1
configure: failed program was:
| /* confdefs.h */
| #define PACKAGE_NAME "secstwo"
| #define PACKAGE_TARNAME "secstwo"
| #define PACKAGE_VERSION "1.0.1"
| #define PACKAGE_STRING "secstwo 1.0.1"
| #define PACKAGE_BUGREPORT "philipp_s@users.sourceforge.net"
| #define PACKAGE_URL ""
| #define PACKAGE "secstwo"
| #define VERSION "1.0.1"
| #define STDC_HEADERS 1
| #define HAVE_SYS_TYPES_H 1
| #define HAVE_SYS_STAT_H 1
| #define HAVE_STDLIB_H 1
| #define HAVE_STRING_H 1
| #define HAVE_MEMORY_H 1
| #define HAVE_STRINGS_H 1
| #define HAVE_INTTYPES_H 1
| #define HAVE_STDINT_H 1
| #define HAVE_UNISTD_H 1
| #define HAVE__BOOL 1
| #define HAVE_STDBOOL_H 1
| #define TIME_WITH_SYS_TIME 1
| #define HAVE_DLFCN_H 1
| #define LT_OBJDIR ".libs/"
| #define STDC_HEADERS 1
| #define HAVE_UNISTD_H 1
| #define HAVE_STRING_H 1
| #define HAVE_ARPA_INET_H 1
| #define HAVE_WCHAR_H 1
| #define HAVE_LIBXML_TREE_H 1
| #define HAVE_LIBXML_ENCODING_H 1
| #define HAVE_LIBXML_XMLWRITER_H 1
| #define HAVE_LIBXML_XMLSAVE_H 1
| /* end confdefs.h.  */
| #include <libxml/xmlschemas.h>
configure:11650: result: no
configure:11650: WARNING: libxml/xmlschemas.h: accepted by the compiler, rejected by the preprocessor!
configure:11650: WARNING: libxml/xmlschemas.h: proceeding with the compiler's result
configure:11650: checking for libxml/xmlschemas.h
configure:11650: result: yes
configure:11669: checking for xmlTextWriterStartElement in -lxml2
configure:11694: gcc -o conftest -I/usr/include/libxml2   conftest.c -lxml2   >&5
configure:11694: $? = 0
configure:11703: result: yes
configure:11720: checking for iconv_open in -liconv
configure:11745: gcc -o conftest -I/usr/include/libxml2   conftest.c -liconv  -lxml2  >&5
/usr/bin/ld: cannot find -liconv
collect2: error: ld returned 1 exit status
configure:11745: $? = 1
configure: failed program was:
| /* confdefs.h */
| #define PACKAGE_NAME "secstwo"
| #define PACKAGE_TARNAME "secstwo"
| #define PACKAGE_VERSION "1.0.1"
| #define PACKAGE_STRING "secstwo 1.0.1"
| #define PACKAGE_BUGREPORT "philipp_s@users.sourceforge.net"
| #define PACKAGE_URL ""
| #define PACKAGE "secstwo"
| #define VERSION "1.0.1"
| #define STDC_HEADERS 1
| #define HAVE_SYS_TYPES_H 1
| #define HAVE_SYS_STAT_H 1
| #define HAVE_STDLIB_H 1
| #define HAVE_STRING_H 1
| #define HAVE_MEMORY_H 1
| #define HAVE_STRINGS_H 1
| #define HAVE_INTTYPES_H 1
| #define HAVE_STDINT_H 1
| #define HAVE_UNISTD_H 1
| #define HAVE__BOOL 1
| #define HAVE_STDBOOL_H 1
| #define TIME_WITH_SYS_TIME 1
| #define HAVE_DLFCN_H 1
| #define LT_OBJDIR ".libs/"
| #define STDC_HEADERS 1
| #define HAVE_UNISTD_H 1
| #define HAVE_STRING_H 1
| #define HAVE_ARPA_INET_H 1
| #define HAVE_WCHAR_H 1
| #define HAVE_LIBXML_TREE_H 1
| #define HAVE_LIBXML_ENCODING_H 1
| #define HAVE_LIBXML_XMLWRITER_H 1
| #define HAVE_LIBXML_XMLSAVE_H 1
| #define HAVE_LIBXML_XMLSCHEMAS_H 1
| #define HAVE_LIBXML2 1
| /* end confdefs.h.  */
| 
| /* Override any GCC internal prototype to avoid an error.
|    Use char because int might match the return type of a GCC
|    builtin and then its argument prototype would still apply.  */
| #ifdef __cplusplus
| extern "C"
| #endif
| char iconv_open ();
| int
| main ()
| {
| return iconv_open ();
|   ;
|   return 0;
| }
configure:11754: result: no
configure:11764: error: 
****************************************************************
 LIBICONV library test failed.
 Please check whether libiconv is installed.
****************************************************************

## ---------------- ##
## Cache variables. ##
## ---------------- ##

ac_cv_build=x86_64-unknown-linux-gnu
ac_cv_c_compiler_gnu=yes
ac_cv_c_const=yes
ac_cv_c_uint16_t=yes
ac_cv_c_uint32_t=yes
ac_cv_cxx_compiler_gnu=yes
ac_cv_env_CCC_set=
ac_cv_env_CCC_value=
ac_cv_env_CC_set=
ac_cv_env_CC_value=
ac_cv_env_CFLAGS_set=
ac_cv_env_CFLAGS_value=
ac_cv_env_CPPFLAGS_set=
ac_cv_env_CPPFLAGS_value=
ac_cv_env_CPP_set=
ac_cv_env_CPP_value=
ac_cv_env_CXXCPP_set=
ac_cv_env_CXXCPP_value=
ac_cv_env_CXXFLAGS_set=
ac_cv_env_CXXFLAGS_value=
ac_cv_env_CXX_set=
ac_cv_env_CXX_value=
ac_cv_env_LDFLAGS_set=
ac_cv_env_LDFLAGS_value=
ac_cv_env_LIBS_set=
ac_cv_env_LIBS_value=
ac_cv_env_build_alias_set=
ac_cv_env_build_alias_value=
ac_cv_env_host_alias_set=
ac_cv_env_host_alias_value=
ac_cv_env_target_alias_set=
ac_cv_env_target_alias_value=
ac_cv_header_arpa_inet_h=yes
ac_cv_header_dlfcn_h=yes
ac_cv_header_iconv_h=yes
ac_cv_header_inttypes_h=yes
ac_cv_header_libxml_encoding_h=yes
ac_cv_header_libxml_tree_h=yes
ac_cv_header_libxml_xmlsave_h=yes
ac_cv_header_libxml_xmlschemas_h=yes
ac_cv_header_libxml_xmlwriter_h=yes
ac_cv_header_memory_h=yes
ac_cv_header_stdbool_h=yes
ac_cv_header_stdc=yes
ac_cv_header_stdint_h=yes
ac_cv_header_stdlib_h=yes
ac_cv_header_string_h=yes
ac_cv_header_strings_h=yes
ac_cv_header_sys_stat_h=yes
ac_cv_header_sys_types_h=yes
ac_cv_header_time=yes
ac_cv_header_unistd_h=yes
ac_cv_header_wchar_h=yes
ac_cv_host=x86_64-unknown-linux-gnu
ac_cv_lib_iconv_iconv_open=no
ac_cv_lib_xml2_xmlTextWriterStartElement=yes
ac_cv_objext=o
ac_cv_path_EGREP='/usr/bin/grep -E'
ac_cv_path_FGREP='/usr/bin/grep -F'
ac_cv_path_GREP=/usr/bin/grep
ac_cv_path_SED=/usr/bin/sed
ac_cv_path_install='/usr/bin/install -c'
ac_cv_path_mkdir=/usr/bin/mkdir
ac_cv_prog_AWK=mawk
ac_cv_prog_CPP='gcc -E'
ac_cv_prog_CXXCPP='g++ -E'
ac_cv_prog_ac_ct_AR=ar
ac_cv_prog_ac_ct_CC=gcc
ac_cv_prog_ac_ct_CXX=g++
ac_cv_prog_ac_ct_MANIFEST_TOOL=mt
ac_cv_prog_ac_ct_OBJDUMP=objdump
ac_cv_prog_ac_ct_RANLIB=ranlib
ac_cv_prog_ac_ct_STRIP=strip
ac_cv_prog_ac_ct_XML2_CONFIG=xml2-config
ac_cv_prog_cc_c89=
ac_cv_prog_cc_g=yes
ac_cv_prog_cxx_g=yes
ac_cv_prog_make_make_set=yes
ac_cv_type__Bool=yes
ac_cv_type_size_t=yes
am_cv_CC_dependencies_compiler_type=gcc3
am_cv_CXX_dependencies_compiler_type=gcc3
lt_cv_ar_at_file=@
lt_cv_archive_cmds_need_lc=no
lt_cv_deplibs_check_method=pass_all
lt_cv_file_magic_cmd='$MAGIC_CMD'
lt_cv_file_magic_test_file=
lt_cv_ld_reload_flag=-r
lt_cv_nm_interface='BSD nm'
lt_cv_objdir=.libs
lt_cv_path_LD=/usr/bin/ld
lt_cv_path_LDCXX='/usr/bin/ld -m elf_x86_64'
lt_cv_path_NM='/usr/bin/nm -B'
lt_cv_path_mainfest_tool=no
lt_cv_prog_compiler_c_o=yes
lt_cv_prog_compiler_c_o_CXX=yes
lt_cv_prog_compiler_pic='-fPIC -DPIC'
lt_cv_prog_compiler_pic_CXX='-fPIC -DPIC'
lt_cv_prog_compiler_pic_works=yes
lt_cv_prog_compiler_pic_works_CXX=yes
lt_cv_prog_compiler_rtti_exceptions=no
lt_cv_prog_compiler_static_works=yes
lt_cv_prog_compiler_static_works_CXX=yes
lt_cv_prog_gnu_ld=yes
lt_cv_prog_gnu_ldcxx=yes
lt_cv_sharedlib_from_linklib_cmd='printf %s\n'
lt_cv_shlibpath_overrides_runpath=yes
lt_cv_sys_global_symbol_pipe='sed -n -e '\''s/^.*[	 ]\([ABCDGIRSTW][ABCDGIRSTW]*\)[	 ][	 ]*\([_A-Za-z][_A-Za-z0-9]*\)$/\1 \2 \2/p'\'' | sed '\''/ __gnu_lto/d'\'''
lt_cv_sys_global_symbol_to_c_name_address='sed -n -e '\''s/^: \([^ ]*\)[ ]*$/  {\"\1\", (void *) 0},/p'\'' -e '\''s/^[ABCDGIRSTW]* \([^ ]*\) \([^ ]*\)$/  {"\2", (void *) \&\2},/p'\'''
lt_cv_sys_global_symbol_to_c_name_address_lib_prefix='sed -n -e '\''s/^: \([^ ]*\)[ ]*$/  {\"\1\", (void *) 0},/p'\'' -e '\''s/^[ABCDGIRSTW]* \([^ ]*\) \(lib[^ ]*\)$/  {"\2", (void *) \&\2},/p'\'' -e '\''s/^[ABCDGIRSTW]* \([^ ]*\) \([^ ]*\)$/  {"lib\2", (void *) \&\2},/p'\'''
lt_cv_sys_global_symbol_to_cdecl='sed -n -e '\''s/^T .* \(.*\)$/extern int \1();/p'\'' -e '\''s/^[ABCDGIRSTW]* .* \(.*\)$/extern char \1;/p'\'''
lt_cv_sys_max_cmd_len=1572864
lt_cv_to_host_file_cmd=func_convert_file_noop
lt_cv_to_tool_file_cmd=func_convert_file_noop

## ----------------- ##
## Output variables. ##
## ----------------- ##

ACLOCAL='${SHELL} /root/MPLABXProjects/gem/secstwo-1.0.1/missing --run aclocal-1.11'
AMDEPBACKSLASH='\'
AMDEP_FALSE='#'
AMDEP_TRUE=''
AMTAR='$${TAR-tar}'
AR='ar'
AUTOCONF='${SHELL} /root/MPLABXProjects/gem/secstwo-1.0.1/missing --run autoconf'
AUTOHEADER='${SHELL} /root/MPLABXProjects/gem/secstwo-1.0.1/missing --run autoheader'
AUTOMAKE='${SHELL} /root/MPLABXProjects/gem/secstwo-1.0.1/missing --run automake-1.11'
AWK='mawk'
CC='gcc'
CCDEPMODE='depmode=gcc3'
CFLAGS='-I/usr/include/libxml2'
CPP='gcc -E'
CPPFLAGS=''
CXX='g++'
CXXCPP='g++ -E'
CXXDEPMODE='depmode=gcc3'
CXXFLAGS='-I/usr/include/libxml2'
CYGPATH_W='echo'
DEFS=''
DEPDIR='.deps'
DLLTOOL='false'
DSYMUTIL=''
DUMPBIN=''
ECHO_C=''
ECHO_N='-n'
ECHO_T=''
EGREP='/usr/bin/grep -E'
EXEEXT=''
FGREP='/usr/bin/grep -F'
GREP='/usr/bin/grep'
INSTALL_DATA='${INSTALL} -m 644'
INSTALL_PROGRAM='${INSTALL}'
INSTALL_SCRIPT='${INSTALL}'
INSTALL_STRIP_PROGRAM='$(install_sh) -c -s'
LD='/usr/bin/ld -m elf_x86_64'
LDFLAGS=''
LIBOBJS=''
LIBS='-lxml2 '
LIBTOOL='$(SHELL) $(top_builddir)/libtool'
LIPO=''
LN_S='ln -s'
LTLIBOBJS=''
LT_AGE='1'
LT_CURRENT='1'
LT_RELEASE='1.0.1'
LT_REVISION='0'
MAKEINFO='${SHELL} /root/MPLABXProjects/gem/secstwo-1.0.1/missing --run makeinfo'
MANIFEST_TOOL=':'
MAYBE_TEST_FALSE=''
MAYBE_TEST_TRUE=''
MKDIR_P='/usr/bin/mkdir -p'
NM='/usr/bin/nm -B'
NMEDIT=''
OBJDUMP='objdump'
OBJEXT='o'
OTOOL64=''
OTOOL=''
PACKAGE='secstwo'
PACKAGE_BUGREPORT='philipp_s@users.sourceforge.net'
PACKAGE_NAME='secstwo'
PACKAGE_STRING='secstwo 1.0.1'
PACKAGE_TARNAME='secstwo'
PACKAGE_URL=''
PACKAGE_VERSION='1.0.1'
PATH_SEPARATOR=':'
RANLIB='ranlib'
SED='/usr/bin/sed'
SET_MAKE=''
SHELL='/bin/bash'
STRIP='strip'
VERSION='1.0.1'
XML2_CONFIG='xml2-config'
ac_ct_AR='ar'
ac_ct_CC='gcc'
ac_ct_CXX='g++'
ac_ct_DUMPBIN=''
am__EXEEXT_FALSE=''
am__EXEEXT_TRUE=''
am__fastdepCC_FALSE='#'
am__fastdepCC_TRUE=''
am__fastdepCXX_FALSE='#'
am__fastdepCXX_TRUE=''
am__include='include'
am__isrc=''
am__leading_dot='.'
am__nodep='_no'
am__quote=''
am__tar='$${TAR-tar} chof - "$$tardir"'
am__untar='$${TAR-tar} xf -'
bindir='${exec_prefix}/bin'
build='x86_64-unknown-linux-gnu'
build_alias=''
build_cpu='x86_64'
build_os='linux-gnu'
build_vendor='unknown'
datadir='${datarootdir}'
datarootdir='${prefix}/share'
docdir='${datarootdir}/doc/${PACKAGE_TARNAME}'
dvidir='${docdir}'
exec_prefix='NONE'
host='x86_64-unknown-linux-gnu'
host_alias=''
host_cpu='x86_64'
host_os='linux-gnu'
host_vendor='unknown'
htmldir='${docdir}'
includedir='${prefix}/include'
infodir='${datarootdir}/info'
install_sh='${SHELL} /root/MPLABXProjects/gem/secstwo-1.0.1/install-sh'
libdir='${exec_prefix}/lib'
libexecdir='${exec_prefix}/libexec'
localedir='${datarootdir}/locale'
localstatedir='${prefix}/var'
mandir='${datarootdir}/man'
mkdir_p='/usr/bin/mkdir -p'
oldincludedir='/usr/include'
pdfdir='${docdir}'
prefix='NONE'
program_transform_name='s,x,x,'
psdir='${docdir}'
sbindir='${exec_prefix}/sbin'
sharedstatedir='${prefix}/com'
sysconfdir='${prefix}/etc'
target_alias=''

## ----------- ##
## confdefs.h. ##
## ----------- ##

/* confdefs.h */
#define PACKAGE_NAME "secstwo"
#define PACKAGE_TARNAME "secstwo"
#define PACKAGE_VERSION "1.0.1"
#define PACKAGE_STRING "secstwo 1.0.1"
#define PACKAGE_BUGREPORT "philipp_s@users.sourceforge.net"
#define PACKAGE_URL ""
#define PACKAGE "secstwo"
#define VERSION "1.0.1"
#define STDC_HEADERS 1
#define HAVE_SYS_TYPES_H 1
#define HAVE_SYS_STAT_H 1
#define HAVE_STDLIB_H 1
#define HAVE_STRING_H 1
#define HAVE_MEMORY_H 1
#define HAVE_STRINGS_H 1
#define HAVE_INTTYPES_H 1
#define HAVE_STDINT_H 1
#define HAVE_UNISTD_H 1
#define HAVE__BOOL 1
#define HAVE_STDBOOL_H 1
#define TIME_WITH_SYS_TIME 1
#define HAVE_DLFCN_H 1
#define LT_OBJDIR ".libs/"
#define STDC_HEADERS 1
#define HAVE_UNISTD_H 1
#define HAVE_STRING_H 1
#define HAVE_ARPA_INET_H 1
#define HAVE_WCHAR_H 1
#define HAVE_LIBXML_TREE_H 1
#define HAVE_LIBXML_ENCODING_H 1
#define HAVE_LIBXML_XMLWRITER_H 1
#define HAVE_LIBXML_XMLSAVE_H 1
#define HAVE_LIBXML_XMLSCHEMAS_H 1
#define HAVE_LIBXML2 1

configure: exit 1
