

Microchip MPLAB XC8 Assembler V2.05 build -831301201 
                                                                                               Mon May 20 02:16:08 2019

Microchip MPLAB XC8 C Compiler v2.05 (Free license) build 20181220022703 Og1 
     1                           	processor	18F47K42
     2                           	fnconf	rparam,??,?,0
     3                           	opt	pw 120
     4                           	opt	flic
     5                           	psect	cinit,global,reloc=2,class=CODE,delta=1
     6                           	psect	cstackCOMRAM,global,class=COMRAM,space=1,delta=1,noexec
     7                           	psect	text0,global,reloc=2,class=CODE,delta=1
     8                           	psect	text1,global,reloc=2,class=CODE,delta=1
     9                           	psect	text2,global,reloc=2,class=CODE,delta=1
    10                           	psect	text3,global,reloc=2,class=CODE,delta=1
    11                           	psect	text4,global,reloc=2,class=CODE,delta=1
    12                           	psect	intsave_regs,global,class=BIGRAM,space=1,delta=1,noexec
    13                           	psect	rparam,global,class=COMRAM,space=1,delta=1,noexec
    14  0000                     
    15                           ; Version 2.05
    16                           ; Generated 20/12/2018 GMT
    17                           ; 
    18                           ; Copyright © 2018, Microchip Technology Inc. and its subsidiaries ("Microchip")
    19                           ; All rights reserved.
    20                           ; 
    21                           ; This software is developed by Microchip Technology Inc. and its subsidiaries ("Microch
      +                          ip").
    22                           ; 
    23                           ; Redistribution and use in source and binary forms, with or without modification, are
    24                           ; permitted provided that the following conditions are met:
    25                           ; 
    26                           ;     1. Redistributions of source code must retain the above copyright notice, this lis
      +                          t of
    27                           ;        conditions and the following disclaimer.
    28                           ; 
    29                           ;     2. Redistributions in binary form must reproduce the above copyright notice, this 
      +                          list
    30                           ;        of conditions and the following disclaimer in the documentation and/or other
    31                           ;        materials provided with the distribution.
    32                           ; 
    33                           ;     3. Microchip's name may not be used to endorse or promote products derived from th
      +                          is
    34                           ;        software without specific prior written permission.
    35                           ; 
    36                           ; THIS SOFTWARE IS PROVIDED BY MICROCHIP "AS IS" AND ANY EXPRESS OR IMPLIED WARRANTIES,
    37                           ; INCLUDING, BUT NOT LIMITED TO, THE IMPLIED WARRANTIES OF MERCHANTABILITY AND FITNESS F
      +                          OR
    38                           ; PURPOSE ARE DISCLAIMED.  IN NO EVENT SHALL MICROCHIP BE LIABLE FOR ANY DIRECT, INDIREC
      +                          T,
    39                           ; INCIDENTAL, SPECIAL, EXEMPLARY, OR CONSEQUENTIAL DAMAGES (INCLUDING BUT NOT LIMITED TO
    40                           ; PROCUREMENT OF SUBSTITUTE GOODS OR SERVICES; LOSS OF USE, DATA OR PROFITS; OR BUSINESS
    41                           ; INTERRUPTION) HOWSOEVER CAUSED AND ON ANY THEORY OF LIABILITY, WHETHER IN CONTRACT, ST
      +                          RICT
    42                           ; LIABILITY, OR TORT (INCLUDING NEGLIGENCE OR OTHERWISE) ARISING IN ANY WAY OUT OF THE U
      +                          SE OF
    43                           ; THIS SOFTWARE, EVEN IF ADVISED OF THE POSSIBILITY OF SUCH DAMAGE.
    44                           ; 
    45                           ; 
    46                           ; Code-generator required, PIC18F47K42 Definitions
    47                           ; 
    48                           ; SFR Addresses
    49  0000                     _PMD7	set	14791
    50  0000                     _PMD6	set	14790
    51  0000                     _PMD5	set	14789
    52  0000                     _PMD4	set	14788
    53  0000                     _PMD3	set	14787
    54  0000                     _PMD2	set	14786
    55  0000                     _PMD1	set	14785
    56  0000                     _PMD0	set	14784
    57  0000                     _OSCTUNE	set	14814
    58  0000                     _OSCFRQ	set	14815
    59  0000                     _OSCEN	set	14813
    60  0000                     _OSCCON3	set	14811
    61  0000                     _OSCCON1	set	14809
    62  0000                     _PLLR	set	118496
    63  0000                     _SLRCONE	set	14979
    64  0000                     _SLRCOND	set	14963
    65  0000                     _SLRCONC	set	14947
    66  0000                     _SLRCONB	set	14931
    67  0000                     _SLRCONA	set	14915
    68  0000                     _ODCOND	set	14962
    69  0000                     _ODCONC	set	14946
    70  0000                     _ODCONB	set	14930
    71  0000                     _ODCONA	set	14914
    72  0000                     _ODCONE	set	14978
    73  0000                     _RD1I2C	set	14971
    74  0000                     _RD0I2C	set	14970
    75  0000                     _RC4I2C	set	14955
    76  0000                     _RC3I2C	set	14954
    77  0000                     _RB2I2C	set	14939
    78  0000                     _RB1I2C	set	14938
    79  0000                     _WPUC	set	14945
    80  0000                     _WPUA	set	14913
    81  0000                     _WPUB	set	14929
    82  0000                     _WPUE	set	14977
    83  0000                     _WPUD	set	14961
    84  0000                     _ANSELA	set	14912
    85  0000                     _ANSELE	set	14976
    86  0000                     _ANSELB	set	14928
    87  0000                     _ANSELC	set	14944
    88  0000                     _ANSELD	set	14960
    89  0000                     _TRISD	set	16325
    90  0000                     _TRISC	set	16324
    91  0000                     _TRISB	set	16323
    92  0000                     _TRISA	set	16322
    93  0000                     _TRISE	set	16326
    94  0000                     _LATC	set	16316
    95  0000                     _LATB	set	16315
    96  0000                     _LATA	set	16314
    97  0000                     _LATD	set	16317
    98  0000                     _LATE	set	16318
    99                           
   100                           ; #config settings
   101  0000                     
   102                           	psect	cinit
   103  01FF2C                     __pcinit:
   104                           	opt callstack 0
   105  01FF2C                     start_initialization:
   106                           	opt callstack 0
   107  01FF2C                     __initialization:
   108                           	opt callstack 0
   109  01FF2C                     end_of_initialization:
   110                           	opt callstack 0
   111  01FF2C                     __end_of__initialization:
   112                           	opt callstack 0
   113  01FF2C  0100               	movlb	0
   114  01FF2E  EF93  F0FF         	goto	_main	;jump to C main() function
   115                           
   116                           	psect	cstackCOMRAM
   117  000000                     __pcstackCOMRAM:
   118                           	opt callstack 0
   119  000000                     
   120                           ; 1 bytes @ 0x0
   121 ;;
   122 ;;Main: autosize = 0, tempsize = 0, incstack = 0, save=0
   123 ;;
   124 ;; *************** function _main *****************
   125 ;; Defined at:
   126 ;;		line 49 in file "main.c"
   127 ;; Parameters:    Size  Location     Type
   128 ;;		None
   129 ;; Auto vars:     Size  Location     Type
   130 ;;		None
   131 ;; Return value:  Size  Location     Type
   132 ;;                  1    wreg      void 
   133 ;; Registers used:
   134 ;;		wreg, status,2, cstack
   135 ;; Tracked objects:
   136 ;;		On entry : 0/0
   137 ;;		On exit  : 0/0
   138 ;;		Unchanged: 0/0
   139 ;; Data sizes:     COMRAM   BANK0   BANK1   BANK2   BANK3   BANK4   BANK5   BANK6   BANK7   BANK8   BANK9  BANK10  BANK1
      +1  BANK12  BANK13  BANK14  BANK15  BANK16  BANK17  BANK18  BANK19  BANK20  BANK21  BANK22  BANK23  BANK24  BANK25  BANK2
      +6  BANK27  BANK28  BANK29  BANK30  BANK31
   140 ;;      Params:         0       0       0       0       0       0       0       0       0       0       0       0       
      +0       0       0       0       0       0       0       0       0       0       0       0       0       0       0       
      +0       0       0       0       0       0
   141 ;;      Locals:         0       0       0       0       0       0       0       0       0       0       0       0       
      +0       0       0       0       0       0       0       0       0       0       0       0       0       0       0       
      +0       0       0       0       0       0
   142 ;;      Temps:          0       0       0       0       0       0       0       0       0       0       0       0       
      +0       0       0       0       0       0       0       0       0       0       0       0       0       0       0       
      +0       0       0       0       0       0
   143 ;;      Totals:         0       0       0       0       0       0       0       0       0       0       0       0       
      +0       0       0       0       0       0       0       0       0       0       0       0       0       0       0       
      +0       0       0       0       0       0
   144 ;;Total ram usage:        0 bytes
   145 ;; Hardware stack levels required when called:    2
   146 ;; This function calls:
   147 ;;		_SYSTEM_Initialize
   148 ;; This function is called by:
   149 ;;		Startup code after reset
   150 ;; This function uses a non-reentrant model
   151 ;;
   152                           
   153                           	psect	text0
   154  01FF26                     __ptext0:
   155                           	opt callstack 0
   156  01FF26                     _main:
   157                           	opt callstack 29
   158                           
   159                           ;main.c: 52:     SYSTEM_Initialize();
   160                           
   161                           ;incstack = 0
   162  01FF26  EC99  F0FF         	call	_SYSTEM_Initialize	;wreg free
   163  01FF2A                     l131:
   164                           
   165                           ;main.c: 65:     {;main.c: 67:     }
   166  01FF2A  D7FF               	goto	l131
   167  01FF2C                     __end_of_main:
   168                           	opt callstack 0
   169                           
   170 ;; *************** function _SYSTEM_Initialize *****************
   171 ;; Defined at:
   172 ;;		line 50 in file "mcc_generated_files/mcc.c"
   173 ;; Parameters:    Size  Location     Type
   174 ;;		None
   175 ;; Auto vars:     Size  Location     Type
   176 ;;		None
   177 ;; Return value:  Size  Location     Type
   178 ;;                  1    wreg      void 
   179 ;; Registers used:
   180 ;;		wreg, status,2, cstack
   181 ;; Tracked objects:
   182 ;;		On entry : 0/0
   183 ;;		On exit  : 0/0
   184 ;;		Unchanged: 0/0
   185 ;; Data sizes:     COMRAM   BANK0   BANK1   BANK2   BANK3   BANK4   BANK5   BANK6   BANK7   BANK8   BANK9  BANK10  BANK1
      +1  BANK12  BANK13  BANK14  BANK15  BANK16  BANK17  BANK18  BANK19  BANK20  BANK21  BANK22  BANK23  BANK24  BANK25  BANK2
      +6  BANK27  BANK28  BANK29  BANK30  BANK31
   186 ;;      Params:         0       0       0       0       0       0       0       0       0       0       0       0       
      +0       0       0       0       0       0       0       0       0       0       0       0       0       0       0       
      +0       0       0       0       0       0
   187 ;;      Locals:         0       0       0       0       0       0       0       0       0       0       0       0       
      +0       0       0       0       0       0       0       0       0       0       0       0       0       0       0       
      +0       0       0       0       0       0
   188 ;;      Temps:          0       0       0       0       0       0       0       0       0       0       0       0       
      +0       0       0       0       0       0       0       0       0       0       0       0       0       0       0       
      +0       0       0       0       0       0
   189 ;;      Totals:         0       0       0       0       0       0       0       0       0       0       0       0       
      +0       0       0       0       0       0       0       0       0       0       0       0       0       0       0       
      +0       0       0       0       0       0
   190 ;;Total ram usage:        0 bytes
   191 ;; Hardware stack levels used:    1
   192 ;; Hardware stack levels required when called:    1
   193 ;; This function calls:
   194 ;;		_OSCILLATOR_Initialize
   195 ;;		_PIN_MANAGER_Initialize
   196 ;;		_PMD_Initialize
   197 ;; This function is called by:
   198 ;;		_main
   199 ;; This function uses a non-reentrant model
   200 ;;
   201                           
   202                           	psect	text1
   203  01FF32                     __ptext1:
   204                           	opt callstack 0
   205  01FF32                     _SYSTEM_Initialize:
   206                           	opt callstack 29
   207                           
   208                           ;mcc_generated_files/mcc.c: 52:     PMD_Initialize();
   209                           
   210                           ;incstack = 0
   211  01FF32  ECAE  F0FF         	call	_PMD_Initialize	;wreg free
   212                           
   213                           ;mcc_generated_files/mcc.c: 53:     PIN_MANAGER_Initialize();
   214  01FF36  ECC0  F0FF         	call	_PIN_MANAGER_Initialize	;wreg free
   215                           
   216                           ;mcc_generated_files/mcc.c: 54:     OSCILLATOR_Initialize();
   217  01FF3A  ECA0  F0FF         	call	_OSCILLATOR_Initialize	;wreg free
   218  01FF3E  0012               	return		;funcret
   219  01FF40                     __end_of_SYSTEM_Initialize:
   220                           	opt callstack 0
   221                           
   222 ;; *************** function _PMD_Initialize *****************
   223 ;; Defined at:
   224 ;;		line 75 in file "mcc_generated_files/mcc.c"
   225 ;; Parameters:    Size  Location     Type
   226 ;;		None
   227 ;; Auto vars:     Size  Location     Type
   228 ;;		None
   229 ;; Return value:  Size  Location     Type
   230 ;;                  1    wreg      void 
   231 ;; Registers used:
   232 ;;		wreg, status,2
   233 ;; Tracked objects:
   234 ;;		On entry : 0/0
   235 ;;		On exit  : 0/0
   236 ;;		Unchanged: 0/0
   237 ;; Data sizes:     COMRAM   BANK0   BANK1   BANK2   BANK3   BANK4   BANK5   BANK6   BANK7   BANK8   BANK9  BANK10  BANK1
      +1  BANK12  BANK13  BANK14  BANK15  BANK16  BANK17  BANK18  BANK19  BANK20  BANK21  BANK22  BANK23  BANK24  BANK25  BANK2
      +6  BANK27  BANK28  BANK29  BANK30  BANK31
   238 ;;      Params:         0       0       0       0       0       0       0       0       0       0       0       0       
      +0       0       0       0       0       0       0       0       0       0       0       0       0       0       0       
      +0       0       0       0       0       0
   239 ;;      Locals:         0       0       0       0       0       0       0       0       0       0       0       0       
      +0       0       0       0       0       0       0       0       0       0       0       0       0       0       0       
      +0       0       0       0       0       0
   240 ;;      Temps:          0       0       0       0       0       0       0       0       0       0       0       0       
      +0       0       0       0       0       0       0       0       0       0       0       0       0       0       0       
      +0       0       0       0       0       0
   241 ;;      Totals:         0       0       0       0       0       0       0       0       0       0       0       0       
      +0       0       0       0       0       0       0       0       0       0       0       0       0       0       0       
      +0       0       0       0       0       0
   242 ;;Total ram usage:        0 bytes
   243 ;; Hardware stack levels used:    1
   244 ;; This function calls:
   245 ;;		Nothing
   246 ;; This function is called by:
   247 ;;		_SYSTEM_Initialize
   248 ;; This function uses a non-reentrant model
   249 ;;
   250                           
   251                           	psect	text2
   252  01FF5C                     __ptext2:
   253                           	opt callstack 0
   254  01FF5C                     _PMD_Initialize:
   255                           	opt callstack 29
   256                           
   257                           ;mcc_generated_files/mcc.c: 78:     PMD0 = 0x00;
   258                           
   259                           ;incstack = 0
   260  01FF5C  0E00               	movlw	0
   261  01FF5E  0139               	movlb	57	; () banked
   262  01FF60  6FC0               	movwf	192,b	;volatile
   263                           
   264                           ;mcc_generated_files/mcc.c: 80:     PMD1 = 0x00;
   265  01FF62  0E00               	movlw	0
   266  01FF64  6FC1               	movwf	193,b	;volatile
   267                           
   268                           ;mcc_generated_files/mcc.c: 82:     PMD2 = 0x00;
   269  01FF66  0E00               	movlw	0
   270  01FF68  6FC2               	movwf	194,b	;volatile
   271                           
   272                           ;mcc_generated_files/mcc.c: 84:     PMD3 = 0x00;
   273  01FF6A  0E00               	movlw	0
   274  01FF6C  6FC3               	movwf	195,b	;volatile
   275                           
   276                           ;mcc_generated_files/mcc.c: 86:     PMD4 = 0x00;
   277  01FF6E  0E00               	movlw	0
   278  01FF70  6FC4               	movwf	196,b	;volatile
   279                           
   280                           ;mcc_generated_files/mcc.c: 88:     PMD5 = 0x00;
   281  01FF72  0E00               	movlw	0
   282  01FF74  6FC5               	movwf	197,b	;volatile
   283                           
   284                           ;mcc_generated_files/mcc.c: 90:     PMD6 = 0x00;
   285  01FF76  0E00               	movlw	0
   286  01FF78  6FC6               	movwf	198,b	;volatile
   287                           
   288                           ;mcc_generated_files/mcc.c: 92:     PMD7 = 0x00;
   289  01FF7A  0E00               	movlw	0
   290  01FF7C  6FC7               	movwf	199,b	;volatile
   291                           
   292                           ; BSR set to: 57
   293  01FF7E  0012               	return		;funcret
   294  01FF80                     __end_of_PMD_Initialize:
   295                           	opt callstack 0
   296                           
   297 ;; *************** function _PIN_MANAGER_Initialize *****************
   298 ;; Defined at:
   299 ;;		line 55 in file "mcc_generated_files/pin_manager.c"
   300 ;; Parameters:    Size  Location     Type
   301 ;;		None
   302 ;; Auto vars:     Size  Location     Type
   303 ;;		None
   304 ;; Return value:  Size  Location     Type
   305 ;;                  1    wreg      void 
   306 ;; Registers used:
   307 ;;		wreg, status,2
   308 ;; Tracked objects:
   309 ;;		On entry : 0/0
   310 ;;		On exit  : 0/0
   311 ;;		Unchanged: 0/0
   312 ;; Data sizes:     COMRAM   BANK0   BANK1   BANK2   BANK3   BANK4   BANK5   BANK6   BANK7   BANK8   BANK9  BANK10  BANK1
      +1  BANK12  BANK13  BANK14  BANK15  BANK16  BANK17  BANK18  BANK19  BANK20  BANK21  BANK22  BANK23  BANK24  BANK25  BANK2
      +6  BANK27  BANK28  BANK29  BANK30  BANK31
   313 ;;      Params:         0       0       0       0       0       0       0       0       0       0       0       0       
      +0       0       0       0       0       0       0       0       0       0       0       0       0       0       0       
      +0       0       0       0       0       0
   314 ;;      Locals:         0       0       0       0       0       0       0       0       0       0       0       0       
      +0       0       0       0       0       0       0       0       0       0       0       0       0       0       0       
      +0       0       0       0       0       0
   315 ;;      Temps:          0       0       0       0       0       0       0       0       0       0       0       0       
      +0       0       0       0       0       0       0       0       0       0       0       0       0       0       0       
      +0       0       0       0       0       0
   316 ;;      Totals:         0       0       0       0       0       0       0       0       0       0       0       0       
      +0       0       0       0       0       0       0       0       0       0       0       0       0       0       0       
      +0       0       0       0       0       0
   317 ;;Total ram usage:        0 bytes
   318 ;; Hardware stack levels used:    1
   319 ;; This function calls:
   320 ;;		Nothing
   321 ;; This function is called by:
   322 ;;		_SYSTEM_Initialize
   323 ;; This function uses a non-reentrant model
   324 ;;
   325                           
   326                           	psect	text3
   327  01FF80                     __ptext3:
   328                           	opt callstack 0
   329  01FF80                     _PIN_MANAGER_Initialize:
   330                           	opt callstack 29
   331                           
   332                           ;mcc_generated_files/pin_manager.c: 60:     LATE = 0x01;
   333                           
   334                           ; BSR set to: 57
   335                           ;incstack = 0
   336  01FF80  0E01               	movlw	1
   337  01FF82  6EBE               	movwf	16318,c	;volatile
   338                           
   339                           ;mcc_generated_files/pin_manager.c: 61:     LATD = 0x00;
   340  01FF84  0E00               	movlw	0
   341  01FF86  6EBD               	movwf	16317,c	;volatile
   342                           
   343                           ;mcc_generated_files/pin_manager.c: 62:     LATA = 0x00;
   344  01FF88  0E00               	movlw	0
   345  01FF8A  6EBA               	movwf	16314,c	;volatile
   346                           
   347                           ;mcc_generated_files/pin_manager.c: 63:     LATB = 0x00;
   348  01FF8C  0E00               	movlw	0
   349  01FF8E  6EBB               	movwf	16315,c	;volatile
   350                           
   351                           ;mcc_generated_files/pin_manager.c: 64:     LATC = 0x00;
   352  01FF90  0E00               	movlw	0
   353  01FF92  6EBC               	movwf	16316,c	;volatile
   354                           
   355                           ;mcc_generated_files/pin_manager.c: 69:     TRISE = 0x06;
   356  01FF94  0E06               	movlw	6
   357  01FF96  6EC6               	movwf	16326,c	;volatile
   358                           
   359                           ;mcc_generated_files/pin_manager.c: 70:     TRISA = 0xFF;
   360  01FF98  68C2               	setf	16322,c	;volatile
   361                           
   362                           ;mcc_generated_files/pin_manager.c: 71:     TRISB = 0xFF;
   363  01FF9A  68C3               	setf	16323,c	;volatile
   364                           
   365                           ;mcc_generated_files/pin_manager.c: 72:     TRISC = 0xFF;
   366  01FF9C  68C4               	setf	16324,c	;volatile
   367                           
   368                           ;mcc_generated_files/pin_manager.c: 73:     TRISD = 0xFF;
   369  01FF9E  68C5               	setf	16325,c	;volatile
   370                           
   371                           ;mcc_generated_files/pin_manager.c: 78:     ANSELD = 0xFF;
   372  01FFA0  013A               	movlb	58	; () banked
   373  01FFA2  6970               	setf	112,b	;volatile
   374                           
   375                           ; BSR set to: 58
   376                           ;mcc_generated_files/pin_manager.c: 79:     ANSELC = 0xFF;
   377  01FFA4  6960               	setf	96,b	;volatile
   378                           
   379                           ; BSR set to: 58
   380                           ;mcc_generated_files/pin_manager.c: 80:     ANSELB = 0xFF;
   381  01FFA6  6950               	setf	80,b	;volatile
   382                           
   383                           ;mcc_generated_files/pin_manager.c: 81:     ANSELE = 0x06;
   384  01FFA8  0E06               	movlw	6
   385  01FFAA  6F80               	movwf	128,b	;volatile
   386                           
   387                           ; BSR set to: 58
   388                           ;mcc_generated_files/pin_manager.c: 82:     ANSELA = 0xFF;
   389  01FFAC  6940               	setf	64,b	;volatile
   390                           
   391                           ;mcc_generated_files/pin_manager.c: 87:     WPUD = 0x00;
   392  01FFAE  0E00               	movlw	0
   393  01FFB0  6F71               	movwf	113,b	;volatile
   394                           
   395                           ;mcc_generated_files/pin_manager.c: 88:     WPUE = 0x00;
   396  01FFB2  0E00               	movlw	0
   397  01FFB4  6F81               	movwf	129,b	;volatile
   398                           
   399                           ;mcc_generated_files/pin_manager.c: 89:     WPUB = 0x00;
   400  01FFB6  0E00               	movlw	0
   401  01FFB8  6F51               	movwf	81,b	;volatile
   402                           
   403                           ;mcc_generated_files/pin_manager.c: 90:     WPUA = 0x00;
   404  01FFBA  0E00               	movlw	0
   405  01FFBC  6F41               	movwf	65,b	;volatile
   406                           
   407                           ;mcc_generated_files/pin_manager.c: 91:     WPUC = 0x00;
   408  01FFBE  0E00               	movlw	0
   409  01FFC0  6F61               	movwf	97,b	;volatile
   410                           
   411                           ;mcc_generated_files/pin_manager.c: 96:     RB1I2C = 0x00;
   412  01FFC2  0E00               	movlw	0
   413  01FFC4  6F5A               	movwf	90,b	;volatile
   414                           
   415                           ;mcc_generated_files/pin_manager.c: 97:     RB2I2C = 0x00;
   416  01FFC6  0E00               	movlw	0
   417  01FFC8  6F5B               	movwf	91,b	;volatile
   418                           
   419                           ;mcc_generated_files/pin_manager.c: 98:     RC3I2C = 0x00;
   420  01FFCA  0E00               	movlw	0
   421  01FFCC  6F6A               	movwf	106,b	;volatile
   422                           
   423                           ;mcc_generated_files/pin_manager.c: 99:     RC4I2C = 0x00;
   424  01FFCE  0E00               	movlw	0
   425  01FFD0  6F6B               	movwf	107,b	;volatile
   426                           
   427                           ;mcc_generated_files/pin_manager.c: 100:     RD0I2C = 0x00;
   428  01FFD2  0E00               	movlw	0
   429  01FFD4  6F7A               	movwf	122,b	;volatile
   430                           
   431                           ;mcc_generated_files/pin_manager.c: 101:     RD1I2C = 0x00;
   432  01FFD6  0E00               	movlw	0
   433  01FFD8  6F7B               	movwf	123,b	;volatile
   434                           
   435                           ;mcc_generated_files/pin_manager.c: 106:     ODCONE = 0x00;
   436  01FFDA  0E00               	movlw	0
   437  01FFDC  6F82               	movwf	130,b	;volatile
   438                           
   439                           ;mcc_generated_files/pin_manager.c: 107:     ODCONA = 0x00;
   440  01FFDE  0E00               	movlw	0
   441  01FFE0  6F42               	movwf	66,b	;volatile
   442                           
   443                           ;mcc_generated_files/pin_manager.c: 108:     ODCONB = 0x00;
   444  01FFE2  0E00               	movlw	0
   445  01FFE4  6F52               	movwf	82,b	;volatile
   446                           
   447                           ;mcc_generated_files/pin_manager.c: 109:     ODCONC = 0x00;
   448  01FFE6  0E00               	movlw	0
   449  01FFE8  6F62               	movwf	98,b	;volatile
   450                           
   451                           ;mcc_generated_files/pin_manager.c: 110:     ODCOND = 0x00;
   452  01FFEA  0E00               	movlw	0
   453  01FFEC  6F72               	movwf	114,b	;volatile
   454                           
   455                           ; BSR set to: 58
   456                           ;mcc_generated_files/pin_manager.c: 115:     SLRCONA = 0xFF;
   457  01FFEE  6943               	setf	67,b	;volatile
   458                           
   459                           ; BSR set to: 58
   460                           ;mcc_generated_files/pin_manager.c: 116:     SLRCONB = 0xFF;
   461  01FFF0  6953               	setf	83,b	;volatile
   462                           
   463                           ; BSR set to: 58
   464                           ;mcc_generated_files/pin_manager.c: 117:     SLRCONC = 0xFF;
   465  01FFF2  6963               	setf	99,b	;volatile
   466                           
   467                           ; BSR set to: 58
   468                           ;mcc_generated_files/pin_manager.c: 118:     SLRCOND = 0xFF;
   469  01FFF4  6973               	setf	115,b	;volatile
   470                           
   471                           ;mcc_generated_files/pin_manager.c: 119:     SLRCONE = 0x07;
   472  01FFF6  0E07               	movlw	7
   473  01FFF8  6F83               	movwf	131,b	;volatile
   474                           
   475                           ; BSR set to: 58
   476  01FFFA  0012               	return		;funcret
   477  01FFFC                     __end_of_PIN_MANAGER_Initialize:
   478                           	opt callstack 0
   479                           
   480 ;; *************** function _OSCILLATOR_Initialize *****************
   481 ;; Defined at:
   482 ;;		line 57 in file "mcc_generated_files/mcc.c"
   483 ;; Parameters:    Size  Location     Type
   484 ;;		None
   485 ;; Auto vars:     Size  Location     Type
   486 ;;		None
   487 ;; Return value:  Size  Location     Type
   488 ;;                  1    wreg      void 
   489 ;; Registers used:
   490 ;;		wreg, status,2
   491 ;; Tracked objects:
   492 ;;		On entry : 0/0
   493 ;;		On exit  : 0/0
   494 ;;		Unchanged: 0/0
   495 ;; Data sizes:     COMRAM   BANK0   BANK1   BANK2   BANK3   BANK4   BANK5   BANK6   BANK7   BANK8   BANK9  BANK10  BANK1
      +1  BANK12  BANK13  BANK14  BANK15  BANK16  BANK17  BANK18  BANK19  BANK20  BANK21  BANK22  BANK23  BANK24  BANK25  BANK2
      +6  BANK27  BANK28  BANK29  BANK30  BANK31
   496 ;;      Params:         0       0       0       0       0       0       0       0       0       0       0       0       
      +0       0       0       0       0       0       0       0       0       0       0       0       0       0       0       
      +0       0       0       0       0       0
   497 ;;      Locals:         0       0       0       0       0       0       0       0       0       0       0       0       
      +0       0       0       0       0       0       0       0       0       0       0       0       0       0       0       
      +0       0       0       0       0       0
   498 ;;      Temps:          0       0       0       0       0       0       0       0       0       0       0       0       
      +0       0       0       0       0       0       0       0       0       0       0       0       0       0       0       
      +0       0       0       0       0       0
   499 ;;      Totals:         0       0       0       0       0       0       0       0       0       0       0       0       
      +0       0       0       0       0       0       0       0       0       0       0       0       0       0       0       
      +0       0       0       0       0       0
   500 ;;Total ram usage:        0 bytes
   501 ;; Hardware stack levels used:    1
   502 ;; This function calls:
   503 ;;		Nothing
   504 ;; This function is called by:
   505 ;;		_SYSTEM_Initialize
   506 ;; This function uses a non-reentrant model
   507 ;;
   508                           
   509                           	psect	text4
   510  01FF40                     __ptext4:
   511                           	opt callstack 0
   512  01FF40                     _OSCILLATOR_Initialize:
   513                           	opt callstack 29
   514                           
   515                           ;mcc_generated_files/mcc.c: 60:     OSCCON1 = 0x20;
   516                           
   517                           ; BSR set to: 58
   518                           ;incstack = 0
   519  01FF40  0E20               	movlw	32
   520  01FF42  0139               	movlb	57	; () banked
   521  01FF44  6FD9               	movwf	217,b	;volatile
   522                           
   523                           ;mcc_generated_files/mcc.c: 62:     OSCCON3 = 0x00;
   524  01FF46  0E00               	movlw	0
   525  01FF48  6FDB               	movwf	219,b	;volatile
   526                           
   527                           ;mcc_generated_files/mcc.c: 64:     OSCEN = 0x00;
   528  01FF4A  0E00               	movlw	0
   529  01FF4C  6FDD               	movwf	221,b	;volatile
   530                           
   531                           ;mcc_generated_files/mcc.c: 66:     OSCFRQ = 0x08;
   532  01FF4E  0E08               	movlw	8
   533  01FF50  6FDF               	movwf	223,b	;volatile
   534                           
   535                           ;mcc_generated_files/mcc.c: 68:     OSCTUNE = 0x00;
   536  01FF52  0E00               	movlw	0
   537  01FF54  6FDE               	movwf	222,b	;volatile
   538  01FF56                     l40:
   539                           
   540                           ; BSR set to: 57
   541                           ;mcc_generated_files/mcc.c: 70:     while(PLLR == 0)
   542  01FF56  B1DC               	btfsc	220,0,b	;volatile
   543  01FF58  0012               	return	
   544  01FF5A  D7FD               	goto	l40
   545  01FF5C                     __end_of_OSCILLATOR_Initialize:
   546                           	opt callstack 0
   547  0000                     
   548                           	psect	rparam
   549  0000                     tosu	equ	0x3FFF
   550                           tosh	equ	0x3FFE
   551                           tosl	equ	0x3FFD
   552                           stkptr	equ	0x3FFC
   553                           pclatu	equ	0x3FFB
   554                           pclath	equ	0x3FFA
   555                           pcl	equ	0x3FF9
   556                           tblptru	equ	0x3FF8
   557                           tblptrh	equ	0x3FF7
   558                           tblptrl	equ	0x3FF6
   559                           tablat	equ	0x3FF5
   560                           prodh	equ	0x3FF4
   561                           prodl	equ	0x3FF3
   562                           indf0	equ	0x3FEF
   563                           postinc0	equ	0x3FEE
   564                           postdec0	equ	0x3FED
   565                           preinc0	equ	0x3FEC
   566                           plusw0	equ	0x3FEB
   567                           fsr0h	equ	0x3FEA
   568                           fsr0l	equ	0x3FE9
   569                           wreg	equ	0x3FE8
   570                           indf1	equ	0x3FE7
   571                           postinc1	equ	0x3FE6
   572                           postdec1	equ	0x3FE5
   573                           preinc1	equ	0x3FE4
   574                           plusw1	equ	0x3FE3
   575                           fsr1h	equ	0x3FE2
   576                           fsr1l	equ	0x3FE1
   577                           bsr	equ	0x3FE0
   578                           indf2	equ	0x3FDF
   579                           postinc2	equ	0x3FDE
   580                           postdec2	equ	0x3FDD
   581                           preinc2	equ	0x3FDC
   582                           plusw2	equ	0x3FDB
   583                           fsr2h	equ	0x3FDA
   584                           fsr2l	equ	0x3FD9
   585                           status	equ	0x3FD8


Data Sizes:
    Strings     0
    Constant    0
    Data        0
    BSS         0
    Persistent  0
    Stack       0

Auto Spaces:
    Space          Size  Autos    Used
    COMRAM           95      0       0
    BANK0           160      0       0
    BANK1           256      0       0
    BANK2           256      0       0
    BANK3           256      0       0
    BANK4           256      0       0
    BANK5           256      0       0
    BANK6           256      0       0
    BANK7           256      0       0
    BANK8           256      0       0
    BANK9           256      0       0
    BANK10          256      0       0
    BANK11          256      0       0
    BANK12          256      0       0
    BANK13          256      0       0
    BANK14          256      0       0
    BANK15          256      0       0
    BANK16          256      0       0
    BANK17          256      0       0
    BANK18          256      0       0
    BANK19          256      0       0
    BANK20          256      0       0
    BANK21          256      0       0
    BANK22          256      0       0
    BANK23          256      0       0
    BANK24          256      0       0
    BANK25          256      0       0
    BANK26          256      0       0
    BANK27          256      0       0
    BANK28          256      0       0
    BANK29          256      0       0
    BANK30          256      0       0
    BANK31          256      0       0

Pointer List with Targets:

    None.

Critical Paths under _main in COMRAM

    None.

Critical Paths under _main in BANK0

    None.

Critical Paths under _main in BANK1

    None.

Critical Paths under _main in BANK2

    None.

Critical Paths under _main in BANK3

    None.

Critical Paths under _main in BANK4

    None.

Critical Paths under _main in BANK5

    None.

Critical Paths under _main in BANK6

    None.

Critical Paths under _main in BANK7

    None.

Critical Paths under _main in BANK8

    None.

Critical Paths under _main in BANK9

    None.

Critical Paths under _main in BANK10

    None.

Critical Paths under _main in BANK11

    None.

Critical Paths under _main in BANK12

    None.

Critical Paths under _main in BANK13

    None.

Critical Paths under _main in BANK14

    None.

Critical Paths under _main in BANK15

    None.

Critical Paths under _main in BANK16

    None.

Critical Paths under _main in BANK17

    None.

Critical Paths under _main in BANK18

    None.

Critical Paths under _main in BANK19

    None.

Critical Paths under _main in BANK20

    None.

Critical Paths under _main in BANK21

    None.

Critical Paths under _main in BANK22

    None.

Critical Paths under _main in BANK23

    None.

Critical Paths under _main in BANK24

    None.

Critical Paths under _main in BANK25

    None.

Critical Paths under _main in BANK26

    None.

Critical Paths under _main in BANK27

    None.

Critical Paths under _main in BANK28

    None.

Critical Paths under _main in BANK29

    None.

Critical Paths under _main in BANK30

    None.

Critical Paths under _main in BANK31

    None.

Call Graph Tables:

 ---------------------------------------------------------------------------------
 (Depth) Function   	        Calls       Base Space   Used Autos Params    Refs
 ---------------------------------------------------------------------------------
 (0) _main                                                 0     0      0       0
                  _SYSTEM_Initialize
 ---------------------------------------------------------------------------------
 (1) _SYSTEM_Initialize                                    0     0      0       0
              _OSCILLATOR_Initialize
             _PIN_MANAGER_Initialize
                     _PMD_Initialize
 ---------------------------------------------------------------------------------
 (2) _PMD_Initialize                                       0     0      0       0
 ---------------------------------------------------------------------------------
 (2) _PIN_MANAGER_Initialize                               0     0      0       0
 ---------------------------------------------------------------------------------
 (2) _OSCILLATOR_Initialize                                0     0      0       0
 ---------------------------------------------------------------------------------
 Estimated maximum stack depth 2
 ---------------------------------------------------------------------------------

 Call Graph Graphs:

 _main (ROOT)
   _SYSTEM_Initialize
     _OSCILLATOR_Initialize
     _PIN_MANAGER_Initialize
     _PMD_Initialize

 Address spaces:
Name               Size   Autos  Total    Cost      Usage
BITCOMRAM           5F      0       0       0        0.0%
EEDATA             400      0       0       0        0.0%
NULL                 0      0       0       0        0.0%
CODE                 0      0       0       0        0.0%
COMRAM              5F      0       0       1        0.0%
STACK                0      0       0       2        0.0%
DATA                 0      0       0       3        0.0%
BITBANK0            A0      0       0       4        0.0%
BANK0               A0      0       0       5        0.0%
BITBANK1           100      0       0       6        0.0%
BANK1              100      0       0       7        0.0%
BITBANK2           100      0       0       8        0.0%
BANK2              100      0       0       9        0.0%
BITBANK3           100      0       0      10        0.0%
BANK3              100      0       0      11        0.0%
BITBANK4           100      0       0      12        0.0%
BANK4              100      0       0      13        0.0%
BITBANK5           100      0       0      14        0.0%
BANK5              100      0       0      15        0.0%
BITBANK6           100      0       0      16        0.0%
BANK6              100      0       0      17        0.0%
BITBANK7           100      0       0      18        0.0%
BANK7              100      0       0      19        0.0%
BITBANK8           100      0       0      20        0.0%
BANK8              100      0       0      21        0.0%
BITBANK9           100      0       0      22        0.0%
BANK9              100      0       0      23        0.0%
BITBANK10          100      0       0      24        0.0%
BANK10             100      0       0      25        0.0%
BITBANK11          100      0       0      26        0.0%
BANK11             100      0       0      27        0.0%
BITBANK12          100      0       0      28        0.0%
BANK12             100      0       0      29        0.0%
BITBANK13          100      0       0      30        0.0%
BANK13             100      0       0      31        0.0%
BITBANK14          100      0       0      32        0.0%
BANK14             100      0       0      33        0.0%
BITBANK15          100      0       0      34        0.0%
BANK15             100      0       0      35        0.0%
BITBANK16          100      0       0      36        0.0%
BANK16             100      0       0      37        0.0%
BITBANK17          100      0       0      38        0.0%
BANK17             100      0       0      39        0.0%
BITBANK18          100      0       0      40        0.0%
BANK18             100      0       0      41        0.0%
BITBANK19          100      0       0      42        0.0%
BANK19             100      0       0      43        0.0%
BITBANK20          100      0       0      44        0.0%
BANK20             100      0       0      45        0.0%
BITBANK21          100      0       0      46        0.0%
BANK21             100      0       0      47        0.0%
BITBANK22          100      0       0      48        0.0%
BANK22             100      0       0      49        0.0%
BITBANK23          100      0       0      50        0.0%
BANK23             100      0       0      51        0.0%
BITBANK24          100      0       0      52        0.0%
BANK24             100      0       0      53        0.0%
BITBANK25          100      0       0      54        0.0%
BANK25             100      0       0      55        0.0%
BITBANK26          100      0       0      56        0.0%
BANK26             100      0       0      57        0.0%
ABS                  0      0       0      58        0.0%
BITBANK27          100      0       0      59        0.0%
BANK27             100      0       0      60        0.0%
BITBANK28          100      0       0      61        0.0%
BANK28             100      0       0      62        0.0%
BITBANK29          100      0       0      63        0.0%
BANK29             100      0       0      64        0.0%
BITBANK30          100      0       0      65        0.0%
BANK30             100      0       0      66        0.0%
BITBANK31          100      0       0      67        0.0%
BANK31             100      0       0      68        0.0%
BIGRAM            1FFF      0       0      69        0.0%
BITSFR_8             0      0       0     200        0.0%
SFR_8                0      0       0     200        0.0%
BITSFR_7             0      0       0     200        0.0%
SFR_7                0      0       0     200        0.0%
BITSFR_6             0      0       0     200        0.0%
SFR_6                0      0       0     200        0.0%
BITSFR_5             0      0       0     200        0.0%
SFR_5                0      0       0     200        0.0%
BITSFR_4             0      0       0     200        0.0%
SFR_4                0      0       0     200        0.0%
BITSFR_3             0      0       0     200        0.0%
SFR_3                0      0       0     200        0.0%
BITSFR_2             0      0       0     200        0.0%
SFR_2                0      0       0     200        0.0%
BITSFR_1             0      0       0     200        0.0%
SFR_1                0      0       0     200        0.0%
BITSFR               0      0       0     200        0.0%
SFR                  0      0       0     200        0.0%


Microchip Technology PIC18 Macro Assembler V2.05 build -831301201 
Symbol Table                                                                                   Mon May 20 02:16:08 2019

                    __CFG_CP$OFF 000000                               l40 FF56  
                    __CFG_LVP$ON 000000                              l131 FF2A  
        __size_of_PMD_Initialize 0024                    __CFG_BBEN$OFF 000000  
                   __CFG_ZCD$OFF 000000                             _LATA 003FBA  
                           _LATB 003FBB                             _LATC 003FBC  
                           _LATD 003FBD                             _LATE 003FBE  
                           _PMD0 0039C0                             _PMD1 0039C1  
                           _PMD2 0039C2                             _PMD3 0039C3  
                           _PMD4 0039C4                             _PMD5 0039C5  
                           _PMD6 0039C6                             _PMD7 0039C7  
                           _PLLR 01CEE0                             _WPUA 003A41  
                           _WPUB 003A51                             _WPUC 003A61  
                           _WPUD 003A71                             _WPUE 003A81  
                  __CFG_FCMEN$ON 000000                             _main FF26  
                           start FFFC                    __CFG_CSWEN$ON 000000  
                   ___param_bank 000000   __size_of_OSCILLATOR_Initialize 001C  
  __end_of_OSCILLATOR_Initialize FF5C                            ?_main 0000  
                  __CFG_WDTE$OFF 000000                   __CFG_DEBUG$OFF 000000  
                          _OSCEN 0039DD                            _TRISA 003FC2  
                          _TRISB 003FC3                            _TRISC 003FC4  
                          _TRISD 003FC5                            _TRISE 003FC6  
                  __CFG_WRTB$OFF 000000                    __CFG_WRTC$OFF 000000  
                  __CFG_WRTD$OFF 000000               __CFG_MCLRE$EXTMCLR 000000  
                __initialization FF2C                     __end_of_main FF2C  
                 __CFG_SAFEN$OFF 000000                           ??_main 0000  
                 __CFG_PR1WAY$ON 000000                    __activetblptr 000000  
                         _ANSELA 003A40                           _ANSELB 003A50  
                         _ANSELC 003A60                           _ANSELD 003A70  
                         _ANSELE 003A80                           _RB1I2C 003A5A  
                         _RB2I2C 003A5B                           _RD0I2C 003A7A  
                         _RC3I2C 003A6A                           _RD1I2C 003A7B  
                         _RC4I2C 003A6B                           _ODCONA 003A42  
                         _ODCONB 003A52                           _ODCONC 003A62  
                         _ODCOND 003A72                           _ODCONE 003A82  
                 __CFG_WDTCCS$SC 000000                           _OSCFRQ 0039DF  
                 __CFG_XINST$OFF 000000                   __CFG_STVREN$ON 000000  
                 _PMD_Initialize FF5C                _SYSTEM_Initialize FF32  
                     __accesstop 0060          __end_of__initialization FF2C  
             ?_SYSTEM_Initialize 0000                    ___rparam_used 000001  
                 __pcstackCOMRAM 0000              ??_SYSTEM_Initialize 0000  
         __end_of_PMD_Initialize FF80        __end_of_SYSTEM_Initialize FF40  
                __CFG_IVT1WAY$ON 000000                  __CFG_MVECEN$OFF 000000  
                __CFG_PPS1WAY$ON 000000                  ?_PMD_Initialize 0000  
            __CFG_PWRTS$PWRT_OFF 000000                          _OSCCON1 0039D9  
                        _OSCCON3 0039DB                          _OSCTUNE 0039DE  
                        _SLRCONA 003A43                          _SLRCONB 003A53  
                        _SLRCONC 003A63                          _SLRCOND 003A73  
                        _SLRCONE 003A83                          __Hparam 0000  
                        __Lparam 0000                          __pcinit FF2C  
                        __ramtop 2000                          __ptext0 FF26  
                        __ptext1 FF32                          __ptext2 FF5C  
                        __ptext3 FF80                          __ptext4 FF40  
                __CFG_WRTAPP$OFF 000000            _OSCILLATOR_Initialize FF40  
       ??_PIN_MANAGER_Initialize 0000                  __CFG_WRTSAF$OFF 000000  
     __size_of_SYSTEM_Initialize 000E             end_of_initialization FF2C  
          __CFG_WDTCPS$WDTCPS_31 000000                 __CFG_FEXTOSC$ECH 000000  
         ?_OSCILLATOR_Initialize 0000              start_initialization FF2C  
__size_of_PIN_MANAGER_Initialize 007C                 __CFG_LPBOREN$OFF 000000  
               ??_PMD_Initialize 0000           _PIN_MANAGER_Initialize FF80  
         __CFG_BBSIZE$BBSIZE_512 000000              __CFG_BORV$VBOR_2P45 000000  
                       __Hrparam 0000          __CFG_RSTOSC$EXTOSC_4PLL 000000  
                       __Lrparam 0000               __CFG_BOREN$SBORDIS 000000  
        ??_OSCILLATOR_Initialize 0000                    __size_of_main 0006  
           __CFG_WDTCWS$WDTCWS_7 000000          ?_PIN_MANAGER_Initialize 0000  
              __CFG_CLKOUTEN$OFF 000000   __end_of_PIN_MANAGER_Initialize FFFC  
